This is pdfTeX, Version 3.141592653-2.6-1.40.26 (TeX Live 2024/Arch Linux) (preloaded format=pdflatex 2024.3.21)  22 MAR 2024 10:05
entering extended mode
 restricted \write18 enabled.
 file:line:error style messages enabled.
 %&-line parsing enabled.
**"/home/zivi/Ing SW/BeeLive/Deliverable-1/deliverable1.tex"
(/home/zivi/Ing SW/BeeLive/Deliverable-1/deliverable1.tex
LaTeX2e <2023-11-01> patch level 1
L3 programming layer <2024-02-20>
(/usr/share/texmf-dist/tex/latex/base/article.cls
Document Class: article 2023/05/17 v1.4n Standard LaTeX document class
(/usr/share/texmf-dist/tex/latex/base/size10.clo
File: size10.clo 2023/05/17 v1.4n Standard LaTeX file (size option)
)
\c@part=\count188
\c@section=\count189
\c@subsection=\count190
\c@subsubsection=\count191
\c@paragraph=\count192
\c@subparagraph=\count193
\c@figure=\count194
\c@table=\count195
\abovecaptionskip=\skip48
\belowcaptionskip=\skip49
\bibindent=\dimen140
) (/usr/share/texmf-dist/tex/latex/graphics/graphicx.sty
Package: graphicx 2021/09/16 v1.2d Enhanced LaTeX Graphics (DPC,SPQR)
 (/usr/share/texmf-dist/tex/latex/graphics/keyval.sty
Package: keyval 2022/05/29 v1.15 key=value parser (DPC)
\KV@toks@=\toks17
) (/usr/share/texmf-dist/tex/latex/graphics/graphics.sty
Package: graphics 2022/03/10 v1.4e Standard LaTeX Graphics (DPC,SPQR)
 (/usr/share/texmf-dist/tex/latex/graphics/trig.sty
Package: trig 2021/08/11 v1.11 sin cos tan (DPC)
) (/usr/share/texmf-dist/tex/latex/graphics-cfg/graphics.cfg
File: graphics.cfg 2016/06/04 v1.11 sample graphics configuration
)
Package graphics Info: Driver file: pdftex.def on input line 107.
 (/usr/share/texmf-dist/tex/latex/graphics-def/pdftex.def
File: pdftex.def 2022/09/22 v1.2b Graphics/color driver for pdftex
))
\Gin@req@height=\dimen141
\Gin@req@width=\dimen142
) (/usr/share/texmf-dist/tex/latex/fancyhdr/fancyhdr.sty
Package: fancyhdr 2022/11/09 v4.1 Extensive control of page headers and footers
\f@nch@headwidth=\skip50
\f@nch@O@elh=\skip51
\f@nch@O@erh=\skip52
\f@nch@O@olh=\skip53
\f@nch@O@orh=\skip54
\f@nch@O@elf=\skip55
\f@nch@O@erf=\skip56
\f@nch@O@olf=\skip57
\f@nch@O@orf=\skip58
) (/usr/share/texmf-dist/tex/latex/geometry/geometry.sty
Package: geometry 2020/01/02 v5.9 Page Geometry
 (/usr/share/texmf-dist/tex/generic/iftex/ifvtex.sty
Package: ifvtex 2019/10/25 v1.7 ifvtex legacy package. Use iftex instead.
 (/usr/share/texmf-dist/tex/generic/iftex/iftex.sty
Package: iftex 2022/02/03 v1.0f TeX engine tests
))
\Gm@cnth=\count196
\Gm@cntv=\count197
\c@Gm@tempcnt=\count198
\Gm@bindingoffset=\dimen143
\Gm@wd@mp=\dimen144
\Gm@odd@mp=\dimen145
\Gm@even@mp=\dimen146
\Gm@layoutwidth=\dimen147
\Gm@layoutheight=\dimen148
\Gm@layouthoffset=\dimen149
\Gm@layoutvoffset=\dimen150
\Gm@dimlist=\toks18
) (/usr/share/texmf-dist/tex/latex/base/fontenc.sty
Package: fontenc 2021/04/29 v2.0v Standard LaTeX package
) (/usr/share/texmf-dist/tex/latex/opensans/opensans.sty
Package: opensans 2019/06/20 Style file for Open Sans.
 (/usr/share/texmf-dist/tex/latex/fontaxes/fontaxes.sty
Package: fontaxes 2020/07/21 v1.0e Font selection axes
LaTeX Info: Redefining \upshape on input line 29.
LaTeX Info: Redefining \itshape on input line 31.
LaTeX Info: Redefining \slshape on input line 33.
LaTeX Info: Redefining \swshape on input line 35.
LaTeX Info: Redefining \scshape on input line 37.
LaTeX Info: Redefining \sscshape on input line 39.
LaTeX Info: Redefining \ulcshape on input line 41.
LaTeX Info: Redefining \textsw on input line 47.
LaTeX Info: Redefining \textssc on input line 48.
LaTeX Info: Redefining \textulc on input line 49.
) (/usr/share/texmf-dist/tex/generic/iftex/ifluatex.sty
Package: ifluatex 2019/10/25 v1.5 ifluatex legacy package. Use iftex instead.
) (/usr/share/texmf-dist/tex/generic/iftex/ifxetex.sty
Package: ifxetex 2019/10/25 v0.7 ifxetex legacy package. Use iftex instead.
) (/usr/share/texmf-dist/tex/latex/xkeyval/xkeyval.sty
Package: xkeyval 2022/06/16 v2.9 package option processing (HA)
 (/usr/share/texmf-dist/tex/generic/xkeyval/xkeyval.tex (/usr/share/texmf-dist/tex/generic/xkeyval/xkvutils.tex
\XKV@toks=\toks19
\XKV@tempa@toks=\toks20
)
\XKV@depth=\count199
File: xkeyval.tex 2014/12/03 v2.7a key=value parser (HA)
))) (/usr/share/texmf-dist/tex/latex/lipsum/lipsum.sty (/usr/share/texmf-dist/tex/latex/l3packages/l3keys2e/l3keys2e.sty (/usr/share/texmf-dist/tex/latex/l3kernel/expl3.sty
Package: expl3 2024-02-20 L3 programming layer (loader) 
 (/usr/share/texmf-dist/tex/latex/l3backend/l3backend-pdftex.def
File: l3backend-pdftex.def 2024-02-20 L3 backend support: PDF output (pdfTeX)
\l__color_backend_stack_int=\count266
\l__pdf_internal_box=\box51
))
Package: l3keys2e 2024-02-18 LaTeX2e option processing using LaTeX3 keys
)
Package: lipsum 2021-09-20 v2.7 150 paragraphs of Lorem Ipsum dummy text
\g__lipsum_par_int=\count267
\l__lipsum_a_int=\count268
\l__lipsum_b_int=\count269
 (/usr/share/texmf-dist/tex/latex/lipsum/lipsum.ltd.tex)) (/usr/share/texmf-dist/tex/latex/base/makeidx.sty
Package: makeidx 2021/10/04 v1.0m Standard LaTeX package
) (/usr/share/texmf-dist/tex/latex/booktabs/booktabs.sty
Package: booktabs 2020/01/12 v1.61803398 Publication quality tables
\heavyrulewidth=\dimen151
\lightrulewidth=\dimen152
\cmidrulewidth=\dimen153
\belowrulesep=\dimen154
\belowbottomsep=\dimen155
\aboverulesep=\dimen156
\abovetopsep=\dimen157
\cmidrulesep=\dimen158
\cmidrulekern=\dimen159
\defaultaddspace=\dimen160
\@cmidla=\count270
\@cmidlb=\count271
\@aboverulesep=\dimen161
\@belowrulesep=\dimen162
\@thisruleclass=\count272
\@lastruleclass=\count273
\@thisrulewidth=\dimen163
) (/usr/share/texmf-dist/tex/latex/tabularray/tabularray.sty
Package: tabularray 2024-02-16 v2024A Typeset tabulars and arrays with LaTeX3
\l__tblr_a_int=\count274
\l__tblr_c_int=\count275
\l__tblr_r_int=\count276
\l__tblr_d_dim=\dimen164
\l__tblr_h_dim=\dimen165
\l__tblr_o_dim=\dimen166
\l__tblr_p_dim=\dimen167
\l__tblr_q_dim=\dimen168
\l__tblr_r_dim=\dimen169
\l__tblr_s_dim=\dimen170
\l__tblr_t_dim=\dimen171
\l__tblr_v_dim=\dimen172
\l__tblr_w_dim=\dimen173
\l__tblr_a_box=\box52
\l__tblr_b_box=\box53
\l__tblr_c_box=\box54
\l__tblr_d_box=\box55
\g__tblr_table_count_int=\count277
\c@rownum=\count278
\c@colnum=\count279
\c@rowcount=\count280
\c@colcount=\count281
\abovesep=\dimen174
\belowsep=\dimen175
\leftsep=\dimen176
\rightsep=\dimen177
\g_tblr_level_int=\count282
\g__tblr_data_row_key_count_int=\count283
\g__tblr_data_column_key_count_int=\count284
\g__tblr_data_cell_key_count_int=\count285
\g__tblr_array_int=\count286
\l__tblr_key_count_int=\count287
\l__tblr_key_quotient_int=\count288
\l__tblr_key_quotient_two_int=\count289
\l__tblr_key_remainder_int=\count290
\g__tblr_data_str_value_count_int=\count291
\rulewidth=\dimen178
\l__tblr_strut_dp_dim=\dimen179
\l__tblr_strut_ht_dim=\dimen180
\g__tblr_cell_wd_dim=\dimen181
\g__tblr_cell_ht_dim=\dimen182
\g__tblr_cell_head_dim=\dimen183
\g__tblr_cell_foot_dim=\dimen184
\l__column_target_dim=\dimen185
\l__tblr_caption_box=\box56
\l__tblr_caption_left_box=\box57
\l__tblr_row_head_box=\box58
\l__tblr_row_foot_box=\box59
\l__tblr_row_head_foot_dim=\dimen186
\tablewidth=\dimen187
\l__tblr_table_firsthead_box=\box60
\l__tblr_table_middlehead_box=\box61
\l__tblr_table_lasthead_box=\box62
\l__tblr_table_firstfoot_box=\box63
\l__tblr_table_middlefoot_box=\box64
\l__tblr_table_lastfoot_box=\box65
\l__tblr_remain_height_dim=\dimen188
\l__tblr_long_from_int=\count292
\l__tblr_long_to_int=\count293
\l__tblr_curr_i_int=\count294
\l__tblr_prev_i_int=\count295
\l__tblr_table_page_int=\count296
\l__tblr_table_head_box=\box66
\l__tblr_table_foot_box=\box67
\l__tblr_table_head_foot_dim=\dimen189
\l__tblr_table_head_body_foot_dim=\dimen190
\l__tblr_table_box=\box68
\l__tblr_table_hlines_box=\box69
\l__tblr_hline_box=\box70
\l__tblr_row_box=\box71
\l__tblr_col_o_wd_dim=\dimen191
\l__tblr_col_b_wd_dim=\dimen192
\l__tblr_hline_leftskip_dim=\dimen193
\l__tblr_hline_rightskip_dim=\dimen194
\l__tblr_row_ht_dim=\dimen195
\l__tblr_row_dp_dim=\dimen196
\l__tblr_row_abovesep_dim=\dimen197
\l__tblr_row_belowsep_dim=\dimen198
\l__tblr_row_vlines_box=\box72
\l__tblr_vline_box=\box73
\l__tblr_cell_box=\box74
\l__row_upper_dim=\dimen199
\l__row_lower_dim=\dimen256
\l__row_vpace_dim=\dimen257
\l__tblr_vline_aboveskip_dim=\dimen258
\l__tblr_vline_belowskip_dim=\dimen259
\l__tblr_cell_wd_dim=\dimen260
\l__tblr_cell_ht_dim=\dimen261
\l__tblr_diag_box=\box75
) (/usr/share/texmf-dist/tex/latex/subfig/subfig.sty
Package: subfig 2005/06/28 ver: 1.3 subfig package
 (/usr/share/texmf-dist/tex/latex/caption/caption.sty
Package: caption 2023/08/05 v3.6o Customizing captions (AR)
 (/usr/share/texmf-dist/tex/latex/caption/caption3.sty
Package: caption3 2023/07/31 v2.4d caption3 kernel (AR)
\caption@tempdima=\dimen262
\captionmargin=\dimen263
\caption@leftmargin=\dimen264
\caption@rightmargin=\dimen265
\caption@width=\dimen266
\caption@indent=\dimen267
\caption@parindent=\dimen268
\caption@hangindent=\dimen269
Package caption Info: Standard document class detected.
)
\c@caption@flags=\count297
\c@continuedfloat=\count298
)
\c@KVtest=\count299
\sf@farskip=\skip59
\sf@captopadj=\dimen270
\sf@capskip=\skip60
\sf@nearskip=\skip61
\c@subfigure=\count300
\c@subfigure@save=\count301
\c@lofdepth=\count302
\c@subtable=\count303
\c@subtable@save=\count304
\c@lotdepth=\count305
\sf@top=\skip62
\sf@bottom=\skip63
)
\@indexfile=\write3
\openout3 = `deliverable1.idx'.


Writing index file deliverable1.idx
LaTeX Font Info:    Trying to load font information for T1+opensans-TOsF on input line 51.
(/usr/share/texmf-dist/tex/latex/opensans/T1opensans-TOsF.fd
File: T1opensans-TOsF.fd 2019/06/24 Font definitions for T1/opensans-TOsF.
)
LaTeX Font Info:    Font shape `T1/opensans-TOsF/m/n' will be
(Font)              scaled to size 10.0pt on input line 51.
 (./deliverable1.aux)
\openout1 = `deliverable1.aux'.

LaTeX Font Info:    Checking defaults for OML/cmm/m/it on input line 51.
LaTeX Font Info:    ... okay on input line 51.
LaTeX Font Info:    Checking defaults for OMS/cmsy/m/n on input line 51.
LaTeX Font Info:    ... okay on input line 51.
LaTeX Font Info:    Checking defaults for OT1/cmr/m/n on input line 51.
LaTeX Font Info:    ... okay on input line 51.
LaTeX Font Info:    Checking defaults for T1/cmr/m/n on input line 51.
LaTeX Font Info:    ... okay on input line 51.
LaTeX Font Info:    Checking defaults for TS1/cmr/m/n on input line 51.
LaTeX Font Info:    ... okay on input line 51.
LaTeX Font Info:    Checking defaults for OMX/cmex/m/n on input line 51.
LaTeX Font Info:    ... okay on input line 51.
LaTeX Font Info:    Checking defaults for U/cmr/m/n on input line 51.
LaTeX Font Info:    ... okay on input line 51.
 (/usr/share/texmf-dist/tex/context/base/mkii/supp-pdf.mkii
[Loading MPS to PDF converter (version 2006.09.02).]
\scratchcounter=\count306
\scratchdimen=\dimen271
\scratchbox=\box76
\nofMPsegments=\count307
\nofMParguments=\count308
\everyMPshowfont=\toks21
\MPscratchCnt=\count309
\MPscratchDim=\dimen272
\MPnumerator=\count310
\makeMPintoPDFobject=\count311
\everyMPtoPDFconversion=\toks22
) (/usr/share/texmf-dist/tex/latex/epstopdf-pkg/epstopdf-base.sty
Package: epstopdf-base 2020-01-24 v2.11 Base part for package epstopdf
Package epstopdf-base Info: Redefining graphics rule for `.eps' on input line 485.
 (/usr/share/texmf-dist/tex/latex/latexconfig/epstopdf-sys.cfg
File: epstopdf-sys.cfg 2010/07/13 v1.3 Configuration of (r)epstopdf for TeX Live
))
*geometry* driver: auto-detecting
*geometry* detected driver: pdftex
*geometry* verbose mode - [ preamble ] result:
* driver: pdftex
* paper: a4paper
* layout: <same size as paper>
* layoutoffset:(h,v)=(0.0pt,0.0pt)
* modes: 
* h-part:(L,W,R)=(42.67912pt, 512.14963pt, 42.67912pt)
* v-part:(T,H,B)=(71.13188pt, 660.10394pt, 113.81102pt)
* \paperwidth=597.50787pt
* \paperheight=845.04684pt
* \textwidth=512.14963pt
* \textheight=660.10394pt
* \oddsidemargin=-29.59087pt
* \evensidemargin=-29.59087pt
* \topmargin=-38.1381pt
* \headheight=12.0pt
* \headsep=65.0pt
* \topskip=10.0pt
* \footskip=0.0pt
* \marginparwidth=65.0pt
* \marginparsep=11.0pt
* \columnsep=10.0pt
* \skip\footins=9.0pt plus 4.0pt minus 2.0pt
* \hoffset=0.0pt
* \voffset=0.0pt
* \mag=1000
* \@twocolumnfalse
* \@twosidefalse
* \@mparswitchfalse
* \@reversemarginfalse
* (1in=72.27pt=25.4mm, 1cm=28.453pt)

\c@mv@tabular=\count312
\c@mv@boldtabular=\count313
Package caption Info: Begin \AtBeginDocument code.
Package caption Info: subfig package v1.3 is loaded.
Package caption Info: End \AtBeginDocument code.
LaTeX Font Info:    Font shape `T1/opensans-TOsF/m/n' will be
(Font)              scaled to size 17.28pt on input line 53.
<Images/BeeLive-Logo.png, id=1, 133.85007pt x 94.55325pt>
File: Images/BeeLive-Logo.png Graphic file (type png)
<use Images/BeeLive-Logo.png>
Package pdftex.def Info: Images/BeeLive-Logo.png  used on input line 53.
(pdftex.def)             Requested size: 384.11221pt x 271.35223pt.
LaTeX Font Info:    Font shape `T1/opensans-TOsF/b/n' will be
(Font)              scaled to size 17.28pt on input line 53.
LaTeX Font Info:    Font shape `T1/opensans-TOsF/m/n' will be
(Font)              scaled to size 12.0pt on input line 53.
LaTeX Font Info:    External font `cmex10' loaded for size
(Font)              <12> on input line 53.
LaTeX Font Info:    External font `cmex10' loaded for size
(Font)              <8> on input line 53.
LaTeX Font Info:    External font `cmex10' loaded for size
(Font)              <6> on input line 53.
LaTeX Font Info:    Font shape `T1/opensans-TOsF/b/n' will be
(Font)              scaled to size 10.0pt on input line 55.

Package fancyhdr Warning: \footskip is too small (0.0pt): 
(fancyhdr)                Make it at least 3.60004pt, for example:
(fancyhdr)                \setlength{\footskip}{3.60004pt}.

[1

{/var/lib/texmf/fonts/map/pdftex/updmap/pdftex.map}{/usr/share/texmf-dist/fonts/enc/dvips/opensans/a_p2vepx.enc} <./Images/BeeLive-Logo.png>]
LaTeX Font Info:    Font shape `T1/opensans-TOsF/m/n' will be
(Font)              scaled to size 14.4pt on input line 60.
LaTeX Font Info:    Font shape `T1/opensans-TOsF/b/n' will be
(Font)              scaled to size 14.4pt on input line 60.
 (./deliverable1.toc
LaTeX Font Info:    External font `cmex10' loaded for size
(Font)              <7> on input line 3.
LaTeX Font Info:    External font `cmex10' loaded for size
(Font)              <5> on input line 3.
)
\tf@toc=\write4
\openout4 = `deliverable1.toc'.

File: Images/BeeLive-Logo.png Graphic file (type png)
<use Images/BeeLive-Logo.png>
Package pdftex.def Info: Images/BeeLive-Logo.png  used on input line 62.
(pdftex.def)             Requested size: 56.9055pt x 40.19829pt.


Package fancyhdr Warning: \headheight is too small (12.0pt): 
(fancyhdr)                Make it at least 57.79832pt, for example:
(fancyhdr)                \setlength{\headheight}{57.79832pt}.
(fancyhdr)                You might also make \topmargin smaller to compensate:
(fancyhdr)                \addtolength{\topmargin}{-45.79832pt}.


Package fancyhdr Warning: \footskip is too small (0.0pt): 
(fancyhdr)                Make it at least 3.60004pt, for example:
(fancyhdr)                \setlength{\footskip}{3.60004pt}.

[2

]
Overfull \hbox (2.02684pt too wide) in paragraph at lines 67--68
[]\T1/opensans-TOsF/m/n/10 Dopo un pro-cesso di ideazione, è emerso che a Trento risulta spesso dif-fi-cile reperire in-for-mazioni riguardanti
 []


Overfull \hbox (9.00684pt too wide) in paragraph at lines 67--68
\T1/opensans-TOsF/m/n/10 gli eventi che in-fluen-zano la vi-a-bil-ità stradale. Le in-for-mazioni disponi-bili sono prin-ci-pal-mente tes-tu-ali e richiedono
 []


Underfull \hbox (badness 10000) in paragraph at lines 69--70

 []


Underfull \hbox (badness 10000) in paragraph at lines 71--73

 []

File: Images/BeeLive-Logo.png Graphic file (type png)
<use Images/BeeLive-Logo.png>
Package pdftex.def Info: Images/BeeLive-Logo.png  used on input line 79.
(pdftex.def)             Requested size: 56.9055pt x 40.19829pt.

Package fancyhdr Warning: \headheight is too small (12.0pt): 
(fancyhdr)                Make it at least 57.79832pt, for example:
(fancyhdr)                \setlength{\headheight}{57.79832pt}.
(fancyhdr)                You might also make \topmargin smaller to compensate:
(fancyhdr)                \addtolength{\topmargin}{-45.79832pt}.


Package fancyhdr Warning: \footskip is too small (0.0pt): 
(fancyhdr)                Make it at least 3.60004pt, for example:
(fancyhdr)                \setlength{\footskip}{3.60004pt}.

[3

]
LaTeX Font Info:    Font shape `T1/opensans-TOsF/b/n' will be
(Font)              scaled to size 12.0pt on input line 83.
<Images/Mockup1 - Mobile.png, id=17, 1074.0125pt x 2327.69624pt>
File: Images/Mockup1 - Mobile.png Graphic file (type png)
<use Images/Mockup1 - Mobile.png>
Package pdftex.def Info: Images/Mockup1 - Mobile.png  used on input line 88.
(pdftex.def)             Requested size: 128.0374pt x 277.46457pt.
LaTeX Font Info:    Font shape `T1/opensans-TOsF/m/n' will be
(Font)              scaled to size 8.0pt on input line 88.

Underfull \hbox (badness 10000) in paragraph at lines 88--88
[]\T1/opensans-TOsF/m/n/8 (a) |Vista in-iziale all'apertura
 []

<Images/Mockup2 - Mobile.png, id=18, 1084.05pt x 2348.775pt>
File: Images/Mockup2 - Mobile.png Graphic file (type png)
<use Images/Mockup2 - Mobile.png>
Package pdftex.def Info: Images/Mockup2 - Mobile.png  used on input line 90.
(pdftex.def)             Requested size: 128.0374pt x 277.39676pt.

Underfull \hbox (badness 10000) in paragraph at lines 90--90
[]\T1/opensans-TOsF/m/n/8 (b) |In-for-mazioni dell'evento se-
 []

File: Images/BeeLive-Logo.png Graphic file (type png)
<use Images/BeeLive-Logo.png>
Package pdftex.def Info: Images/BeeLive-Logo.png  used on input line 94.
(pdftex.def)             Requested size: 56.9055pt x 40.19829pt.

Package fancyhdr Warning: \headheight is too small (12.0pt): 
(fancyhdr)                Make it at least 57.79832pt, for example:
(fancyhdr)                \setlength{\headheight}{57.79832pt}.
(fancyhdr)                You might also make \topmargin smaller to compensate:
(fancyhdr)                \addtolength{\topmargin}{-45.79832pt}.


Package fancyhdr Warning: \footskip is too small (0.0pt): 
(fancyhdr)                Make it at least 3.60004pt, for example:
(fancyhdr)                \setlength{\footskip}{3.60004pt}.

[4

 <./Images/Mockup1 - Mobile.png> <./Images/Mockup2 - Mobile.png>]
<Images/Mockup1 - Desktop.png, id=24, 1371.1225pt x 770.88pt>
File: Images/Mockup1 - Desktop.png Graphic file (type png)
<use Images/Mockup1 - Desktop.png>
Package pdftex.def Info: Images/Mockup1 - Desktop.png  used on input line 101.
(pdftex.def)             Requested size: 384.11221pt x 215.95079pt.
File: Images/BeeLive-Logo.png Graphic file (type png)
<use Images/BeeLive-Logo.png>
Package pdftex.def Info: Images/BeeLive-Logo.png  used on input line 104.
(pdftex.def)             Requested size: 56.9055pt x 40.19829pt.


Package fancyhdr Warning: \headheight is too small (12.0pt): 
(fancyhdr)                Make it at least 57.79832pt, for example:
(fancyhdr)                \setlength{\headheight}{57.79832pt}.
(fancyhdr)                You might also make \topmargin smaller to compensate:
(fancyhdr)                \addtolength{\topmargin}{-45.79832pt}.


Package fancyhdr Warning: \footskip is too small (0.0pt): 
(fancyhdr)                Make it at least 3.60004pt, for example:
(fancyhdr)                \setlength{\footskip}{3.60004pt}.

[5

 <./Images/Mockup1 - Desktop.png (PNG copy)>]
File: Images/BeeLive-Logo.png Graphic file (type png)
<use Images/BeeLive-Logo.png>
Package pdftex.def Info: Images/BeeLive-Logo.png  used on input line 108.
(pdftex.def)             Requested size: 56.9055pt x 40.19829pt.


Package fancyhdr Warning: \headheight is too small (12.0pt): 
(fancyhdr)                Make it at least 57.79832pt, for example:
(fancyhdr)                \setlength{\headheight}{57.79832pt}.
(fancyhdr)                You might also make \topmargin smaller to compensate:
(fancyhdr)                \addtolength{\topmargin}{-45.79832pt}.


Package fancyhdr Warning: \footskip is too small (0.0pt): 
(fancyhdr)                Make it at least 3.60004pt, for example:
(fancyhdr)                \setlength{\footskip}{3.60004pt}.

[6

]
File: Images/BeeLive-Logo.png Graphic file (type png)
<use Images/BeeLive-Logo.png>
Package pdftex.def Info: Images/BeeLive-Logo.png  used on input line 112.
(pdftex.def)             Requested size: 56.9055pt x 40.19829pt.


Package fancyhdr Warning: \headheight is too small (12.0pt): 
(fancyhdr)                Make it at least 57.79832pt, for example:
(fancyhdr)                \setlength{\headheight}{57.79832pt}.
(fancyhdr)                You might also make \topmargin smaller to compensate:
(fancyhdr)                \addtolength{\topmargin}{-45.79832pt}.


Package fancyhdr Warning: \footskip is too small (0.0pt): 
(fancyhdr)                Make it at least 3.60004pt, for example:
(fancyhdr)                \setlength{\footskip}{3.60004pt}.

[7

]
File: Images/BeeLive-Logo.png Graphic file (type png)
<use Images/BeeLive-Logo.png>
Package pdftex.def Info: Images/BeeLive-Logo.png  used on input line 116.
(pdftex.def)             Requested size: 56.9055pt x 40.19829pt.


Package fancyhdr Warning: \headheight is too small (12.0pt): 
(fancyhdr)                Make it at least 57.79832pt, for example:
(fancyhdr)                \setlength{\headheight}{57.79832pt}.
(fancyhdr)                You might also make \topmargin smaller to compensate:
(fancyhdr)                \addtolength{\topmargin}{-45.79832pt}.


Package fancyhdr Warning: \footskip is too small (0.0pt): 
(fancyhdr)                Make it at least 3.60004pt, for example:
(fancyhdr)                \setlength{\footskip}{3.60004pt}.

[8

]
File: Images/BeeLive-Logo.png Graphic file (type png)
<use Images/BeeLive-Logo.png>
Package pdftex.def Info: Images/BeeLive-Logo.png  used on input line 121.
(pdftex.def)             Requested size: 56.9055pt x 40.19829pt.


Package fancyhdr Warning: \headheight is too small (12.0pt): 
(fancyhdr)                Make it at least 57.79832pt, for example:
(fancyhdr)                \setlength{\headheight}{57.79832pt}.
(fancyhdr)                You might also make \topmargin smaller to compensate:
(fancyhdr)                \addtolength{\topmargin}{-45.79832pt}.


Package fancyhdr Warning: \footskip is too small (0.0pt): 
(fancyhdr)                Make it at least 3.60004pt, for example:
(fancyhdr)                \setlength{\footskip}{3.60004pt}.

[9

]
File: Images/BeeLive-Logo.png Graphic file (type png)
<use Images/BeeLive-Logo.png>
Package pdftex.def Info: Images/BeeLive-Logo.png  used on input line 125.
(pdftex.def)             Requested size: 56.9055pt x 40.19829pt.


Package fancyhdr Warning: \headheight is too small (12.0pt): 
(fancyhdr)                Make it at least 57.79832pt, for example:
(fancyhdr)                \setlength{\headheight}{57.79832pt}.
(fancyhdr)                You might also make \topmargin smaller to compensate:
(fancyhdr)                \addtolength{\topmargin}{-45.79832pt}.


Package fancyhdr Warning: \footskip is too small (0.0pt): 
(fancyhdr)                Make it at least 3.60004pt, for example:
(fancyhdr)                \setlength{\footskip}{3.60004pt}.

[10

]
File: Images/BeeLive-Logo.png Graphic file (type png)
<use Images/BeeLive-Logo.png>
Package pdftex.def Info: Images/BeeLive-Logo.png  used on input line 129.
(pdftex.def)             Requested size: 56.9055pt x 40.19829pt.


Package fancyhdr Warning: \headheight is too small (12.0pt): 
(fancyhdr)                Make it at least 57.79832pt, for example:
(fancyhdr)                \setlength{\headheight}{57.79832pt}.
(fancyhdr)                You might also make \topmargin smaller to compensate:
(fancyhdr)                \addtolength{\topmargin}{-45.79832pt}.


Package fancyhdr Warning: \footskip is too small (0.0pt): 
(fancyhdr)                Make it at least 3.60004pt, for example:
(fancyhdr)                \setlength{\footskip}{3.60004pt}.

[11

]
Overfull \hbox (5.76352pt too wide) in alignment at lines 137--157
[] []
 []

File: Images/BeeLive-Logo.png Graphic file (type png)
<use Images/BeeLive-Logo.png>
Package pdftex.def Info: Images/BeeLive-Logo.png  used on input line 160.
(pdftex.def)             Requested size: 56.9055pt x 40.19829pt.

Package fancyhdr Warning: \headheight is too small (12.0pt): 
(fancyhdr)                Make it at least 57.79832pt, for example:
(fancyhdr)                \setlength{\headheight}{57.79832pt}.
(fancyhdr)                You might also make \topmargin smaller to compensate:
(fancyhdr)                \addtolength{\topmargin}{-45.79832pt}.


Package fancyhdr Warning: \footskip is too small (0.0pt): 
(fancyhdr)                Make it at least 3.60004pt, for example:
(fancyhdr)                \setlength{\footskip}{3.60004pt}.

[12

]
File: Images/BeeLive-Logo.png Graphic file (type png)
<use Images/BeeLive-Logo.png>
Package pdftex.def Info: Images/BeeLive-Logo.png  used on input line 165.
(pdftex.def)             Requested size: 56.9055pt x 40.19829pt.


Package fancyhdr Warning: \headheight is too small (12.0pt): 
(fancyhdr)                Make it at least 57.79832pt, for example:
(fancyhdr)                \setlength{\headheight}{57.79832pt}.
(fancyhdr)                You might also make \topmargin smaller to compensate:
(fancyhdr)                \addtolength{\topmargin}{-45.79832pt}.


Package fancyhdr Warning: \footskip is too small (0.0pt): 
(fancyhdr)                Make it at least 3.60004pt, for example:
(fancyhdr)                \setlength{\footskip}{3.60004pt}.

[13

] (./deliverable1.aux)
 ***********
LaTeX2e <2023-11-01> patch level 1
L3 programming layer <2024-02-20>
 ***********
 ) 
Here is how much of TeX's memory you used:
 6708 strings out of 476076
 133532 string characters out of 5793775
 1933187 words of memory out of 5000000
 28761 multiletter control sequences out of 15000+600000
 568065 words of font info for 62 fonts, out of 8000000 for 9000
 14 hyphenation exceptions out of 8191
 85i,15n,133p,454b,478s stack positions out of 10000i,1000n,20000p,200000b,200000s
</usr/share/texmf-dist/fonts/type1/ascender/opensans/OpenSans-Bold.pfb></usr/share/texmf-dist/fonts/type1/ascender/opensans/OpenSans-Regular.pfb>
Output written on deliverable1.pdf (13 pages, 3504946 bytes).
PDF statistics:
 66 PDF objects out of 1000 (max. 8388607)
 39 compressed objects within 1 object stream
 0 named destinations out of 1000 (max. 500000)
 21 words of extra memory for PDF output out of 10000 (max. 10000000)

