\BOOKMARK [1][-]{section.1}{\376\377\000D\000e\000s\000c\000r\000i\000z\000i\000o\000n\000e\000\040\000d\000e\000l\000l\000'\000a\000p\000p\000l\000i\000c\000a\000t\000i\000v\000o}{}% 1
\BOOKMARK [1][-]{section.2}{\376\377\000O\000b\000i\000e\000t\000t\000i\000v\000i}{}% 2
\BOOKMARK [1][-]{section.3}{\376\377\000A\000t\000t\000o\000r\000i\000\040\000d\000i\000\040\000s\000i\000s\000t\000e\000m\000a\000\040\000e\000\040\000M\000i\000n\000d\000\040\000m\000a\000p}{}% 3
\BOOKMARK [2][-]{subsection.3.1}{\376\377\000A\000t\000t\000o\000r\000i\000\040\000d\000i\000\040\000s\000i\000s\000t\000e\000m\000a\000\040\000I\000n\000t\000e\000r\000n\000i}{section.3}% 4
\BOOKMARK [3][-]{subsubsection.3.1.1}{\376\377\000U\000t\000e\000n\000t\000e\000\040\000a\000n\000o\000n\000i\000m\000o}{subsection.3.1}% 5
\BOOKMARK [3][-]{subsubsection.3.1.2}{\376\377\000U\000t\000e\000n\000t\000e\000\040\000a\000u\000t\000e\000n\000t\000i\000c\000a\000t\000o}{subsection.3.1}% 6
\BOOKMARK [3][-]{subsubsection.3.1.3}{\376\377\000D\000i\000p\000e\000n\000d\000e\000n\000t\000e\000\040\000a\000u\000t\000o\000r\000i\000z\000z\000a\000t\000o\000\040\000d\000e\000l\000\040\000C\000o\000m\000u\000n\000e\000\040\000d\000i\000\040\000t\000r\000e\000n\000t\000o}{subsection.3.1}% 7
\BOOKMARK [3][-]{subsubsection.3.1.4}{\376\377\000A\000z\000i\000e\000n\000d\000e\000\040\000d\000e\000l\000e\000g\000a\000t\000e}{subsection.3.1}% 8
\BOOKMARK [3][-]{subsubsection.3.1.5}{\376\377\000A\000m\000m\000i\000n\000i\000s\000t\000r\000a\000t\000o\000r\000e\000\040\000d\000i\000\040\000s\000i\000s\000t\000e\000m\000a}{subsection.3.1}% 9
\BOOKMARK [2][-]{subsection.3.2}{\376\377\000A\000t\000t\000o\000r\000i\000\040\000d\000i\000\040\000s\000i\000s\000t\000e\000m\000a\000\040\000E\000s\000t\000e\000r\000n\000i}{section.3}% 10
\BOOKMARK [3][-]{subsubsection.3.2.1}{\376\377\000A\000z\000i\000e\000n\000d\000e\000\040\000d\000e\000l\000e\000g\000a\000t\000e}{subsection.3.2}% 11
\BOOKMARK [2][-]{subsection.3.3}{\376\377\000C\000o\000m\000p\000o\000n\000e\000n\000t\000i\000\040\000d\000i\000\040\000s\000i\000s\000t\000e\000m\000a\000\040\000I\000n\000t\000e\000r\000n\000i}{section.3}% 12
\BOOKMARK [3][-]{subsubsection.3.3.1}{\376\377\000A\000p\000p\000l\000i\000c\000a\000t\000i\000v\000o\000\040\000m\000o\000b\000i\000l\000e}{subsection.3.3}% 13
\BOOKMARK [3][-]{subsubsection.3.3.2}{\376\377\000A\000p\000p\000l\000i\000c\000a\000t\000i\000v\000o\000\040\000d\000e\000s\000k\000t\000o\000p}{subsection.3.3}% 14
\BOOKMARK [3][-]{subsubsection.3.3.3}{\376\377\000W\000e\000b\000\040\000s\000e\000r\000v\000e\000r}{subsection.3.3}% 15
\BOOKMARK [3][-]{subsubsection.3.3.4}{\376\377\000D\000a\000t\000a\000b\000a\000s\000e}{subsection.3.3}% 16
\BOOKMARK [2][-]{subsection.3.4}{\376\377\000C\000o\000m\000p\000o\000n\000e\000n\000t\000i\000\040\000d\000i\000\040\000s\000i\000s\000t\000e\000m\000a\000\040\000E\000s\000t\000e\000r\000n\000i}{section.3}% 17
\BOOKMARK [3][-]{subsubsection.3.4.1}{\376\377\000A\000u\000t\000e\000n\000t\000i\000c\000a\000z\000i\000o\000n\000e}{subsection.3.4}% 18
\BOOKMARK [3][-]{subsubsection.3.4.2}{\376\377\000S\000e\000r\000v\000e\000r\000\040\000p\000r\000o\000v\000i\000d\000e\000r}{subsection.3.4}% 19
\BOOKMARK [2][-]{subsection.3.5}{\376\377\000M\000i\000n\000d\000\040\000m\000a\000p}{section.3}% 20
\BOOKMARK [1][-]{section.4}{\376\377\000P\000r\000o\000t\000o\000t\000i\000p\000o\000\040\000d\000e\000l\000\040\000s\000i\000s\000t\000e\000m\000a}{}% 21
\BOOKMARK [2][-]{subsection.4.1}{\376\377\000M\000o\000c\000k\000u\000p\000\040\000a\000p\000p\000l\000i\000c\000a\000z\000i\000o\000n\000e\000\040\000m\000o\000b\000i\000l\000e}{section.4}% 22
\BOOKMARK [3][-]{subsubsection.4.1.1}{\376\377\000S\000c\000h\000e\000r\000m\000a\000t\000a\000\040\000p\000r\000i\000n\000c\000i\000p\000a\000l\000e}{subsection.4.1}% 23
\BOOKMARK [3][-]{subsubsection.4.1.2}{\376\377\000D\000e\000t\000t\000a\000g\000l\000i\000\040\000v\000a\000r\000i\000a\000z\000i\000o\000n\000e\000\040\000s\000e\000l\000e\000z\000i\000o\000n\000a\000t\000a}{subsection.4.1}% 24
\BOOKMARK [3][-]{subsubsection.4.1.3}{\376\377\000M\000o\000c\000k\000u\000p\000\040\000n\000o\000t\000i\000f\000i\000c\000h\000e\000\040\000d\000e\000g\000l\000i\000\040\000e\000v\000e\000n\000t\000i}{subsection.4.1}% 25
\BOOKMARK [2][-]{subsection.4.2}{\376\377\000M\000o\000c\000k\000u\000p\000\040\000i\000n\000t\000e\000r\000f\000a\000c\000c\000i\000a\000\040\000d\000e\000s\000k\000t\000o\000p}{section.4}% 26
\BOOKMARK [1][-]{section.5}{\376\377\000R\000e\000q\000u\000i\000r\000e\000m\000e\000n\000t\000s\000\040\000F\000u\000n\000z\000i\000o\000n\000a\000l\000i}{}% 27
\BOOKMARK [2][-]{subsection.5.1}{\376\377\000U\000t\000e\000n\000t\000e\000\040\000a\000n\000o\000n\000i\000m\000o\000\040\000t\000r\000a\000m\000i\000t\000e\000\040\000a\000p\000p\000l\000i\000c\000a\000t\000i\000v\000o\000\040\000m\000o\000b\000i\000l\000e}{section.5}% 28
\BOOKMARK [3][-]{subsubsection.5.1.1}{\376\377\000D\000e\000v\000e\000\040\000p\000o\000t\000e\000r\000\040\000v\000i\000s\000u\000a\000l\000i\000z\000z\000a\000r\000e\000\040\000l\000a\000\040\000l\000i\000s\000t\000a\000\040\000d\000e\000g\000l\000i\000\040\000e\000v\000e\000n\000t\000i}{subsection.5.1}% 29
\BOOKMARK [3][-]{subsubsection.5.1.2}{\376\377\000D\000e\000v\000e\000\040\000p\000o\000t\000e\000r\000\040\000f\000i\000l\000t\000r\000a\000r\000e\000\040\000g\000l\000i\000\040\000e\000v\000e\000n\000t\000i\000\040\000p\000e\000r\000\040\000c\000a\000t\000e\000g\000o\000r\000i\000a}{subsection.5.1}% 30
\BOOKMARK [3][-]{subsubsection.5.1.3}{\376\377\000D\000e\000v\000e\000\040\000p\000o\000t\000e\000r\000\040\000n\000a\000s\000c\000o\000n\000d\000e\000r\000e\000\040\000e\000v\000e\000n\000t\000i\000\040\000c\000h\000e\000\040\000n\000o\000n\000\040\000g\000l\000i\000\040\000i\000n\000t\000e\000r\000e\000s\000s\000a\000n\000o}{subsection.5.1}% 31
\BOOKMARK [3][-]{subsubsection.5.1.4}{\376\377\000D\000e\000v\000e\000\040\000p\000o\000t\000e\000r\000\040\000v\000i\000s\000u\000a\000l\000i\000z\000z\000a\000r\000e\000\040\000g\000l\000i\000\040\000e\000v\000e\000n\000t\000i\000\040\000s\000u\000\040\000m\000a\000p\000p\000a}{subsection.5.1}% 32
\BOOKMARK [3][-]{subsubsection.5.1.5}{\376\377\000D\000e\000v\000e\000\040\000p\000o\000t\000e\000r\000s\000i\000\040\000r\000e\000g\000i\000s\000t\000r\000a\000r\000e}{subsection.5.1}% 33
\BOOKMARK [3][-]{subsubsection.5.1.6}{\376\377\000D\000e\000v\000e\000\040\000p\000o\000t\000e\000r\000s\000i\000\040\000a\000u\000t\000e\000n\000t\000i\000c\000a\000r\000e}{subsection.5.1}% 34
\BOOKMARK [3][-]{subsubsection.5.1.7}{\376\377\000D\000e\000v\000e\000\040\000p\000o\000t\000e\000r\000\040\000i\000n\000d\000i\000c\000a\000r\000e\000\040\000a\000r\000e\000e\000\040\000d\000i\000\040\000i\000n\000t\000e\000r\000e\000s\000s\000e}{subsection.5.1}% 35
\BOOKMARK [3][-]{subsubsection.5.1.8}{\376\377\000D\000e\000v\000e\000\040\000p\000o\000t\000e\000r\000\040\000i\000n\000d\000i\000c\000a\000r\000e\000\040\000p\000e\000r\000c\000o\000r\000s\000i\000\040\000d\000i\000\040\000i\000n\000t\000e\000r\000e\000s\000s\000e}{subsection.5.1}% 36
\BOOKMARK [3][-]{subsubsection.5.1.9}{\376\377\000D\000e\000v\000e\000\040\000p\000o\000t\000e\000r\000\040\000i\000n\000d\000i\000c\000a\000r\000e\000\040\000l\000i\000n\000e\000e\000\040\000d\000i\000\040\000b\000u\000s\000\040\000d\000i\000\040\000i\000n\000t\000e\000r\000e\000s\000s\000e}{subsection.5.1}% 37
\BOOKMARK [3][-]{subsubsection.5.1.10}{\376\377\000D\000e\000v\000e\000\040\000p\000o\000t\000e\000r\000\040\000i\000n\000d\000i\000c\000a\000r\000e\000\040\000c\000a\000t\000e\000g\000o\000r\000i\000e\000\040\000d\000i\000\040\000i\000n\000t\000e\000r\000e\000s\000s\000e}{subsection.5.1}% 38
\BOOKMARK [3][-]{subsubsection.5.1.11}{\376\377\000D\000e\000v\000e\000\040\000p\000o\000t\000e\000r\000\040\000r\000i\000c\000e\000v\000e\000r\000e\000\040\000n\000o\000t\000i\000f\000i\000c\000h\000e\000\040\000r\000i\000g\000u\000a\000r\000d\000o\000\040\000a\000g\000l\000i\000\040\000e\000v\000e\000n\000t\000i}{subsection.5.1}% 39
\BOOKMARK [1][-]{section.6}{\376\377\000R\000e\000q\000u\000i\000r\000e\000m\000e\000n\000t\000s\000\040\000n\000o\000n\000\040\000f\000u\000n\000z\000i\000o\000n\000a\000l\000i}{}% 40
\BOOKMARK [2][-]{subsubsection.6.0.1}{\376\377\000U\000s\000a\000b\000i\000l\000i\000t\000\340}{section.6}% 41
\BOOKMARK [3][-]{subsubsection.6.0.2}{\376\377\000S\000c\000a\000l\000a\000b\000i\000l\000i\000t\000\340}{subsubsection.6.0.1}% 42
\BOOKMARK [3][-]{subsubsection.6.0.3}{\376\377\000R\000o\000b\000u\000s\000t\000n\000e\000s\000s}{subsubsection.6.0.1}% 43
\BOOKMARK [3][-]{subsubsection.6.0.4}{\376\377\000P\000r\000e\000s\000t\000a\000z\000i\000o\000n\000i}{subsubsection.6.0.1}% 44
\BOOKMARK [3][-]{subsubsection.6.0.5}{\376\377\000R\000e\000l\000i\000a\000b\000i\000l\000i\000t\000y}{subsubsection.6.0.1}% 45
\BOOKMARK [1][-]{section.7}{\376\377\000G\000r\000a\000f\000o\000\040\000B\000P\000M\000N}{}% 46
\BOOKMARK [1][-]{section.8}{\376\377\000D\000i\000a\000g\000r\000a\000m\000m\000a\000\040\000d\000e\000i\000\040\000c\000a\000s\000i\000\040\000d\000'\000u\000s\000o}{}% 47
\BOOKMARK [1][-]{section.9}{\376\377\000R\000e\000s\000o\000c\000o\000n\000t\000o}{}% 48
