This is pdfTeX, Version 3.141592653-2.6-1.40.25 (TeX Live 2023) (preloaded format=pdflatex 2024.3.4)  15 MAY 2024 17:49
entering extended mode
 restricted \write18 enabled.
 file:line:error style messages enabled.
 %&-line parsing enabled.
**c:/Users/el135/OneDrive/Desktop/UniTn/BeeLive/Deliverable-2/deliverable2.tex
(c:/Users/el135/OneDrive/Desktop/UniTn/BeeLive/Deliverable-2/deliverable2.tex
LaTeX2e <2023-11-01> patch level 1
L3 programming layer <2024-02-20>
(c:/texlive/2023/texmf-dist/tex/latex/base/article.cls
Document Class: article 2023/05/17 v1.4n Standard LaTeX document class
(c:/texlive/2023/texmf-dist/tex/latex/base/size10.clo
File: size10.clo 2023/05/17 v1.4n Standard LaTeX file (size option)
)
\c@part=\count188
\c@section=\count189
\c@subsection=\count190
\c@subsubsection=\count191
\c@paragraph=\count192
\c@subparagraph=\count193
\c@figure=\count194
\c@table=\count195
\abovecaptionskip=\skip48
\belowcaptionskip=\skip49
\bibindent=\dimen140
) (c:/texlive/2023/texmf-dist/tex/latex/graphics/graphicx.sty
Package: graphicx 2021/09/16 v1.2d Enhanced LaTeX Graphics (DPC,SPQR)
 (c:/texlive/2023/texmf-dist/tex/latex/graphics/keyval.sty
Package: keyval 2022/05/29 v1.15 key=value parser (DPC)
\KV@toks@=\toks17
) (c:/texlive/2023/texmf-dist/tex/latex/graphics/graphics.sty
Package: graphics 2022/03/10 v1.4e Standard LaTeX Graphics (DPC,SPQR)
 (c:/texlive/2023/texmf-dist/tex/latex/graphics/trig.sty
Package: trig 2021/08/11 v1.11 sin cos tan (DPC)
) (c:/texlive/2023/texmf-dist/tex/latex/graphics-cfg/graphics.cfg
File: graphics.cfg 2016/06/04 v1.11 sample graphics configuration
)
Package graphics Info: Driver file: pdftex.def on input line 107.
 (c:/texlive/2023/texmf-dist/tex/latex/graphics-def/pdftex.def
File: pdftex.def 2022/09/22 v1.2b Graphics/color driver for pdftex
))
\Gin@req@height=\dimen141
\Gin@req@width=\dimen142
) (c:/texlive/2023/texmf-dist/tex/latex/fancyhdr/fancyhdr.sty
Package: fancyhdr 2022/11/09 v4.1 Extensive control of page headers and footers
\f@nch@headwidth=\skip50
\f@nch@O@elh=\skip51
\f@nch@O@erh=\skip52
\f@nch@O@olh=\skip53
\f@nch@O@orh=\skip54
\f@nch@O@elf=\skip55
\f@nch@O@erf=\skip56
\f@nch@O@olf=\skip57
\f@nch@O@orf=\skip58
) (c:/texlive/2023/texmf-dist/tex/latex/geometry/geometry.sty
Package: geometry 2020/01/02 v5.9 Page Geometry
 (c:/texlive/2023/texmf-dist/tex/generic/iftex/ifvtex.sty
Package: ifvtex 2019/10/25 v1.7 ifvtex legacy package. Use iftex instead.
 (c:/texlive/2023/texmf-dist/tex/generic/iftex/iftex.sty
Package: iftex 2022/02/03 v1.0f TeX engine tests
))
\Gm@cnth=\count196
\Gm@cntv=\count197
\c@Gm@tempcnt=\count198
\Gm@bindingoffset=\dimen143
\Gm@wd@mp=\dimen144
\Gm@odd@mp=\dimen145
\Gm@even@mp=\dimen146
\Gm@layoutwidth=\dimen147
\Gm@layoutheight=\dimen148
\Gm@layouthoffset=\dimen149
\Gm@layoutvoffset=\dimen150
\Gm@dimlist=\toks18
) (c:/texlive/2023/texmf-dist/tex/latex/base/fontenc.sty
Package: fontenc 2021/04/29 v2.0v Standard LaTeX package
) (c:/texlive/2023/texmf-dist/tex/latex/opensans/opensans.sty
Package: opensans 2019/06/20 Style file for Open Sans.
 (c:/texlive/2023/texmf-dist/tex/latex/fontaxes/fontaxes.sty
Package: fontaxes 2020/07/21 v1.0e Font selection axes
LaTeX Info: Redefining \upshape on input line 29.
LaTeX Info: Redefining \itshape on input line 31.
LaTeX Info: Redefining \slshape on input line 33.
LaTeX Info: Redefining \swshape on input line 35.
LaTeX Info: Redefining \scshape on input line 37.
LaTeX Info: Redefining \sscshape on input line 39.
LaTeX Info: Redefining \ulcshape on input line 41.
LaTeX Info: Redefining \textsw on input line 47.
LaTeX Info: Redefining \textssc on input line 48.
LaTeX Info: Redefining \textulc on input line 49.
) (c:/texlive/2023/texmf-dist/tex/generic/iftex/ifluatex.sty
Package: ifluatex 2019/10/25 v1.5 ifluatex legacy package. Use iftex instead.
) (c:/texlive/2023/texmf-dist/tex/generic/iftex/ifxetex.sty
Package: ifxetex 2019/10/25 v0.7 ifxetex legacy package. Use iftex instead.
) (c:/texlive/2023/texmf-dist/tex/latex/xkeyval/xkeyval.sty
Package: xkeyval 2022/06/16 v2.9 package option processing (HA)
 (c:/texlive/2023/texmf-dist/tex/generic/xkeyval/xkeyval.tex (c:/texlive/2023/texmf-dist/tex/generic/xkeyval/xkvutils.tex
\XKV@toks=\toks19
\XKV@tempa@toks=\toks20
)
\XKV@depth=\count199
File: xkeyval.tex 2014/12/03 v2.7a key=value parser (HA)
))) (c:/texlive/2023/texmf-dist/tex/latex/lipsum/lipsum.sty (c:/texlive/2023/texmf-dist/tex/latex/l3packages/l3keys2e/l3keys2e.sty (c:/texlive/2023/texmf-dist/tex/latex/l3kernel/expl3.sty
Package: expl3 2024-02-20 L3 programming layer (loader) 
 (c:/texlive/2023/texmf-dist/tex/latex/l3backend/l3backend-pdftex.def
File: l3backend-pdftex.def 2024-02-20 L3 backend support: PDF output (pdfTeX)
\l__color_backend_stack_int=\count266
\l__pdf_internal_box=\box51
))
Package: l3keys2e 2024-02-18 LaTeX2e option processing using LaTeX3 keys
)
Package: lipsum 2021-09-20 v2.7 150 paragraphs of Lorem Ipsum dummy text
\g__lipsum_par_int=\count267
\l__lipsum_a_int=\count268
\l__lipsum_b_int=\count269
 (c:/texlive/2023/texmf-dist/tex/latex/lipsum/lipsum.ltd.tex)) (c:/texlive/2023/texmf-dist/tex/latex/base/makeidx.sty
Package: makeidx 2021/10/04 v1.0m Standard LaTeX package
) (c:/texlive/2023/texmf-dist/tex/latex/booktabs/booktabs.sty
Package: booktabs 2020/01/12 v1.61803398 Publication quality tables
\heavyrulewidth=\dimen151
\lightrulewidth=\dimen152
\cmidrulewidth=\dimen153
\belowrulesep=\dimen154
\belowbottomsep=\dimen155
\aboverulesep=\dimen156
\abovetopsep=\dimen157
\cmidrulesep=\dimen158
\cmidrulekern=\dimen159
\defaultaddspace=\dimen160
\@cmidla=\count270
\@cmidlb=\count271
\@aboverulesep=\dimen161
\@belowrulesep=\dimen162
\@thisruleclass=\count272
\@lastruleclass=\count273
\@thisrulewidth=\dimen163
) (c:/texlive/2023/texmf-dist/tex/latex/tabularray/tabularray.sty
Package: tabularray 2024-02-16 v2024A Typeset tabulars and arrays with LaTeX3
\l__tblr_a_int=\count274
\l__tblr_c_int=\count275
\l__tblr_r_int=\count276
\l__tblr_d_dim=\dimen164
\l__tblr_h_dim=\dimen165
\l__tblr_o_dim=\dimen166
\l__tblr_p_dim=\dimen167
\l__tblr_q_dim=\dimen168
\l__tblr_r_dim=\dimen169
\l__tblr_s_dim=\dimen170
\l__tblr_t_dim=\dimen171
\l__tblr_v_dim=\dimen172
\l__tblr_w_dim=\dimen173
\l__tblr_a_box=\box52
\l__tblr_b_box=\box53
\l__tblr_c_box=\box54
\l__tblr_d_box=\box55
\g__tblr_table_count_int=\count277
\c@rownum=\count278
\c@colnum=\count279
\c@rowcount=\count280
\c@colcount=\count281
\abovesep=\dimen174
\belowsep=\dimen175
\leftsep=\dimen176
\rightsep=\dimen177
\g_tblr_level_int=\count282
\g__tblr_data_row_key_count_int=\count283
\g__tblr_data_column_key_count_int=\count284
\g__tblr_data_cell_key_count_int=\count285
\g__tblr_array_int=\count286
\l__tblr_key_count_int=\count287
\l__tblr_key_quotient_int=\count288
\l__tblr_key_quotient_two_int=\count289
\l__tblr_key_remainder_int=\count290
\g__tblr_data_str_value_count_int=\count291
\rulewidth=\dimen178
\l__tblr_strut_dp_dim=\dimen179
\l__tblr_strut_ht_dim=\dimen180
\g__tblr_cell_wd_dim=\dimen181
\g__tblr_cell_ht_dim=\dimen182
\g__tblr_cell_head_dim=\dimen183
\g__tblr_cell_foot_dim=\dimen184
\l__column_target_dim=\dimen185
\l__tblr_caption_box=\box56
\l__tblr_caption_left_box=\box57
\l__tblr_row_head_box=\box58
\l__tblr_row_foot_box=\box59
\l__tblr_row_head_foot_dim=\dimen186
\tablewidth=\dimen187
\l__tblr_table_firsthead_box=\box60
\l__tblr_table_middlehead_box=\box61
\l__tblr_table_lasthead_box=\box62
\l__tblr_table_firstfoot_box=\box63
\l__tblr_table_middlefoot_box=\box64
\l__tblr_table_lastfoot_box=\box65
\l__tblr_remain_height_dim=\dimen188
\l__tblr_long_from_int=\count292
\l__tblr_long_to_int=\count293
\l__tblr_curr_i_int=\count294
\l__tblr_prev_i_int=\count295
\l__tblr_table_page_int=\count296
\l__tblr_table_head_box=\box66
\l__tblr_table_foot_box=\box67
\l__tblr_table_head_foot_dim=\dimen189
\l__tblr_table_head_body_foot_dim=\dimen190
\l__tblr_table_box=\box68
\l__tblr_table_hlines_box=\box69
\l__tblr_hline_box=\box70
\l__tblr_row_box=\box71
\l__tblr_col_o_wd_dim=\dimen191
\l__tblr_col_b_wd_dim=\dimen192
\l__tblr_hline_leftskip_dim=\dimen193
\l__tblr_hline_rightskip_dim=\dimen194
\l__tblr_row_ht_dim=\dimen195
\l__tblr_row_dp_dim=\dimen196
\l__tblr_row_abovesep_dim=\dimen197
\l__tblr_row_belowsep_dim=\dimen198
\l__tblr_row_vlines_box=\box72
\l__tblr_vline_box=\box73
\l__tblr_cell_box=\box74
\l__row_upper_dim=\dimen199
\l__row_lower_dim=\dimen256
\l__row_vpace_dim=\dimen257
\l__tblr_vline_aboveskip_dim=\dimen258
\l__tblr_vline_belowskip_dim=\dimen259
\l__tblr_cell_wd_dim=\dimen260
\l__tblr_cell_ht_dim=\dimen261
\l__tblr_diag_box=\box75
) (c:/texlive/2023/texmf-dist/tex/latex/hyperref/hyperref.sty
Package: hyperref 2024-01-20 v7.01h Hypertext links for LaTeX
 (c:/texlive/2023/texmf-dist/tex/latex/kvsetkeys/kvsetkeys.sty
Package: kvsetkeys 2022-10-05 v1.19 Key value parser (HO)
) (c:/texlive/2023/texmf-dist/tex/generic/kvdefinekeys/kvdefinekeys.sty
Package: kvdefinekeys 2019-12-19 v1.6 Define keys (HO)
) (c:/texlive/2023/texmf-dist/tex/generic/pdfescape/pdfescape.sty
Package: pdfescape 2019/12/09 v1.15 Implements pdfTeX's escape features (HO)
 (c:/texlive/2023/texmf-dist/tex/generic/ltxcmds/ltxcmds.sty
Package: ltxcmds 2023-12-04 v1.26 LaTeX kernel commands for general use (HO)
) (c:/texlive/2023/texmf-dist/tex/generic/pdftexcmds/pdftexcmds.sty
Package: pdftexcmds 2020-06-27 v0.33 Utility functions of pdfTeX for LuaTeX (HO)
 (c:/texlive/2023/texmf-dist/tex/generic/infwarerr/infwarerr.sty
Package: infwarerr 2019/12/03 v1.5 Providing info/warning/error messages (HO)
)
Package pdftexcmds Info: \pdf@primitive is available.
Package pdftexcmds Info: \pdf@ifprimitive is available.
Package pdftexcmds Info: \pdfdraftmode found.
)) (c:/texlive/2023/texmf-dist/tex/latex/hycolor/hycolor.sty
Package: hycolor 2020-01-27 v1.10 Color options for hyperref/bookmark (HO)
) (c:/texlive/2023/texmf-dist/tex/latex/auxhook/auxhook.sty
Package: auxhook 2019-12-17 v1.6 Hooks for auxiliary files (HO)
) (c:/texlive/2023/texmf-dist/tex/latex/hyperref/nameref.sty
Package: nameref 2023-11-26 v2.56 Cross-referencing by name of section
 (c:/texlive/2023/texmf-dist/tex/latex/refcount/refcount.sty
Package: refcount 2019/12/15 v3.6 Data extraction from label references (HO)
) (c:/texlive/2023/texmf-dist/tex/generic/gettitlestring/gettitlestring.sty
Package: gettitlestring 2019/12/15 v1.6 Cleanup title references (HO)
 (c:/texlive/2023/texmf-dist/tex/latex/kvoptions/kvoptions.sty
Package: kvoptions 2022-06-15 v3.15 Key value format for package options (HO)
))
\c@section@level=\count297
) (c:/texlive/2023/texmf-dist/tex/latex/etoolbox/etoolbox.sty
Package: etoolbox 2020/10/05 v2.5k e-TeX tools for LaTeX (JAW)
\etb@tempcnta=\count298
)
\@linkdim=\dimen262
\Hy@linkcounter=\count299
\Hy@pagecounter=\count300
 (c:/texlive/2023/texmf-dist/tex/latex/hyperref/pd1enc.def
File: pd1enc.def 2024-01-20 v7.01h Hyperref: PDFDocEncoding definition (HO)
Now handling font encoding PD1 ...
... no UTF-8 mapping file for font encoding PD1
) (c:/texlive/2023/texmf-dist/tex/generic/intcalc/intcalc.sty
Package: intcalc 2019/12/15 v1.3 Expandable calculations with integers (HO)
)
\Hy@SavedSpaceFactor=\count301
 (c:/texlive/2023/texmf-dist/tex/latex/hyperref/puenc.def
File: puenc.def 2024-01-20 v7.01h Hyperref: PDF Unicode definition (HO)
Now handling font encoding PU ...
... no UTF-8 mapping file for font encoding PU
)
Package hyperref Info: Option `colorlinks' set `true' on input line 4062.
Package hyperref Info: Hyper figures OFF on input line 4179.
Package hyperref Info: Link nesting OFF on input line 4184.
Package hyperref Info: Hyper index ON on input line 4187.
Package hyperref Info: Plain pages OFF on input line 4194.
Package hyperref Info: Backreferencing OFF on input line 4199.
Package hyperref Info: Implicit mode ON; LaTeX internals redefined.
Package hyperref Info: Bookmarks ON on input line 4446.
\c@Hy@tempcnt=\count302
 (c:/texlive/2023/texmf-dist/tex/latex/url/url.sty
\Urlmuskip=\muskip16
Package: url 2013/09/16  ver 3.4  Verb mode for urls, etc.
)
LaTeX Info: Redefining \url on input line 4784.
\XeTeXLinkMargin=\dimen263
 (c:/texlive/2023/texmf-dist/tex/generic/bitset/bitset.sty
Package: bitset 2019/12/09 v1.3 Handle bit-vector datatype (HO)
 (c:/texlive/2023/texmf-dist/tex/generic/bigintcalc/bigintcalc.sty
Package: bigintcalc 2019/12/15 v1.5 Expandable calculations on big integers (HO)
))
\Fld@menulength=\count303
\Field@Width=\dimen264
\Fld@charsize=\dimen265
Package hyperref Info: Hyper figures OFF on input line 6063.
Package hyperref Info: Link nesting OFF on input line 6068.
Package hyperref Info: Hyper index ON on input line 6071.
Package hyperref Info: backreferencing OFF on input line 6078.
Package hyperref Info: Link coloring ON on input line 6081.
Package hyperref Info: Link coloring with OCG OFF on input line 6088.
Package hyperref Info: PDF/A mode OFF on input line 6093.
 (c:/texlive/2023/texmf-dist/tex/latex/base/atbegshi-ltx.sty
Package: atbegshi-ltx 2021/01/10 v1.0c Emulation of the original atbegshi
package with kernel methods
)
\Hy@abspage=\count304
\c@Item=\count305
\c@Hfootnote=\count306
)
Package hyperref Info: Driver (autodetected): hpdftex.
 (c:/texlive/2023/texmf-dist/tex/latex/hyperref/hpdftex.def
File: hpdftex.def 2024-01-20 v7.01h Hyperref driver for pdfTeX
 (c:/texlive/2023/texmf-dist/tex/latex/base/atveryend-ltx.sty
Package: atveryend-ltx 2020/08/19 v1.0a Emulation of the original atveryend package
with kernel methods
)
\Fld@listcount=\count307
\c@bookmark@seq@number=\count308
 (c:/texlive/2023/texmf-dist/tex/latex/rerunfilecheck/rerunfilecheck.sty
Package: rerunfilecheck 2022-07-10 v1.10 Rerun checks for auxiliary files (HO)
 (c:/texlive/2023/texmf-dist/tex/generic/uniquecounter/uniquecounter.sty
Package: uniquecounter 2019/12/15 v1.4 Provide unlimited unique counter (HO)
)
Package uniquecounter Info: New unique counter `rerunfilecheck' on input line 285.
)
\Hy@SectionHShift=\skip59
) (c:/texlive/2023/texmf-dist/tex/latex/tools/tabularx.sty
Package: tabularx 2023/07/08 v2.11c `tabularx' package (DPC)
 (c:/texlive/2023/texmf-dist/tex/latex/tools/array.sty
Package: array 2023/10/16 v2.5g Tabular extension package (FMi)
\col@sep=\dimen266
\ar@mcellbox=\box76
\extrarowheight=\dimen267
\NC@list=\toks21
\extratabsurround=\skip60
\backup@length=\skip61
\ar@cellbox=\box77
)
\TX@col@width=\dimen268
\TX@old@table=\dimen269
\TX@old@col=\dimen270
\TX@target=\dimen271
\TX@delta=\dimen272
\TX@cols=\count309
\TX@ftn=\toks22
) (c:/texlive/2023/texmf-dist/tex/latex/makecell/makecell.sty
Package: makecell 2009/08/03 V0.1e Managing of Tab Column Heads and Cells
\rotheadsize=\dimen273
\c@nlinenum=\count310
\TeXr@lab=\toks23
) (c:/texlive/2023/texmf-dist/tex/latex/enumitem/enumitem.sty
Package: enumitem 2019/06/20 v3.9 Customized lists
\labelindent=\skip62
\enit@outerparindent=\dimen274
\enit@toks=\toks24
\enit@inbox=\box78
\enit@count@id=\count311
\enitdp@description=\count312
) (c:/texlive/2023/texmf-dist/tex/latex/caption/subcaption.sty
Package: subcaption 2023/07/28 v1.6b Sub-captions (AR)
 (c:/texlive/2023/texmf-dist/tex/latex/caption/caption.sty
Package: caption 2023/08/05 v3.6o Customizing captions (AR)
 (c:/texlive/2023/texmf-dist/tex/latex/caption/caption3.sty
Package: caption3 2023/07/31 v2.4d caption3 kernel (AR)
\caption@tempdima=\dimen275
\captionmargin=\dimen276
\caption@leftmargin=\dimen277
\caption@rightmargin=\dimen278
\caption@width=\dimen279
\caption@indent=\dimen280
\caption@parindent=\dimen281
\caption@hangindent=\dimen282
Package caption Info: Standard document class detected.
)
\c@caption@flags=\count313
\c@continuedfloat=\count314
Package caption Info: hyperref package is loaded.
)
Package caption Info: New subtype `subfigure' on input line 238.
\c@subfigure=\count315
Package caption Info: New subtype `subtable' on input line 238.
\c@subtable=\count316
)
\@indexfile=\write3
\openout3 = `deliverable2.idx'.


Writing index file deliverable2.idx
LaTeX Font Info:    Trying to load font information for T1+opensans-TOsF on input line 57.
(c:/texlive/2023/texmf-dist/tex/latex/opensans/T1opensans-TOsF.fd
File: T1opensans-TOsF.fd 2019/06/24 Font definitions for T1/opensans-TOsF.
)
LaTeX Font Info:    Font shape `T1/opensans-TOsF/m/n' will be
(Font)              scaled to size 10.0pt on input line 57.
 (./deliverable2.aux)
\openout1 = `deliverable2.aux'.

LaTeX Font Info:    Checking defaults for OML/cmm/m/it on input line 57.
LaTeX Font Info:    ... okay on input line 57.
LaTeX Font Info:    Checking defaults for OMS/cmsy/m/n on input line 57.
LaTeX Font Info:    ... okay on input line 57.
LaTeX Font Info:    Checking defaults for OT1/cmr/m/n on input line 57.
LaTeX Font Info:    ... okay on input line 57.
LaTeX Font Info:    Checking defaults for T1/cmr/m/n on input line 57.
LaTeX Font Info:    ... okay on input line 57.
LaTeX Font Info:    Checking defaults for TS1/cmr/m/n on input line 57.
LaTeX Font Info:    ... okay on input line 57.
LaTeX Font Info:    Checking defaults for OMX/cmex/m/n on input line 57.
LaTeX Font Info:    ... okay on input line 57.
LaTeX Font Info:    Checking defaults for U/cmr/m/n on input line 57.
LaTeX Font Info:    ... okay on input line 57.
LaTeX Font Info:    Checking defaults for PD1/pdf/m/n on input line 57.
LaTeX Font Info:    ... okay on input line 57.
LaTeX Font Info:    Checking defaults for PU/pdf/m/n on input line 57.
LaTeX Font Info:    ... okay on input line 57.
 (c:/texlive/2023/texmf-dist/tex/context/base/mkii/supp-pdf.mkii
[Loading MPS to PDF converter (version 2006.09.02).]
\scratchcounter=\count317
\scratchdimen=\dimen283
\scratchbox=\box79
\nofMPsegments=\count318
\nofMParguments=\count319
\everyMPshowfont=\toks25
\MPscratchCnt=\count320
\MPscratchDim=\dimen284
\MPnumerator=\count321
\makeMPintoPDFobject=\count322
\everyMPtoPDFconversion=\toks26
) (c:/texlive/2023/texmf-dist/tex/latex/epstopdf-pkg/epstopdf-base.sty
Package: epstopdf-base 2020-01-24 v2.11 Base part for package epstopdf
Package epstopdf-base Info: Redefining graphics rule for `.eps' on input line 485.
 (c:/texlive/2023/texmf-dist/tex/latex/latexconfig/epstopdf-sys.cfg
File: epstopdf-sys.cfg 2010/07/13 v1.3 Configuration of (r)epstopdf for TeX Live
))
*geometry* driver: auto-detecting
*geometry* detected driver: pdftex
*geometry* verbose mode - [ preamble ] result:
* driver: pdftex
* paper: a4paper
* layout: <same size as paper>
* layoutoffset:(h,v)=(0.0pt,0.0pt)
* modes: 
* h-part:(L,W,R)=(42.67912pt, 512.14963pt, 42.67912pt)
* v-part:(T,H,B)=(71.13188pt, 660.10394pt, 113.81102pt)
* \paperwidth=597.50787pt
* \paperheight=845.04684pt
* \textwidth=512.14963pt
* \textheight=660.10394pt
* \oddsidemargin=-29.59087pt
* \evensidemargin=-29.59087pt
* \topmargin=-38.1381pt
* \headheight=12.0pt
* \headsep=65.0pt
* \topskip=10.0pt
* \footskip=0.0pt
* \marginparwidth=65.0pt
* \marginparsep=11.0pt
* \columnsep=10.0pt
* \skip\footins=9.0pt plus 4.0pt minus 2.0pt
* \hoffset=0.0pt
* \voffset=0.0pt
* \mag=1000
* \@twocolumnfalse
* \@twosidefalse
* \@mparswitchfalse
* \@reversemarginfalse
* (1in=72.27pt=25.4mm, 1cm=28.453pt)

\c@mv@tabular=\count323
\c@mv@boldtabular=\count324
(c:/texlive/2023/texmf-dist/tex/latex/graphics/color.sty
Package: color 2022/01/06 v1.3d Standard LaTeX Color (DPC)
 (c:/texlive/2023/texmf-dist/tex/latex/graphics-cfg/color.cfg
File: color.cfg 2016/01/02 v1.6 sample color configuration
)
Package color Info: Driver file: pdftex.def on input line 149.
 (c:/texlive/2023/texmf-dist/tex/latex/graphics/mathcolor.ltx))
Package hyperref Info: Link coloring ON on input line 57.
 (./deliverable2.out) (./deliverable2.out)
\@outlinefile=\write4
\openout4 = `deliverable2.out'.

Package caption Info: Begin \AtBeginDocument code.
Package caption Info: End \AtBeginDocument code.
LaTeX Font Info:    Font shape `T1/opensans-TOsF/m/n' will be
(Font)              scaled to size 17.28pt on input line 60.
<Images/BeeLive-Logo.png, id=160, 127.07475pt x 96.81169pt>
File: Images/BeeLive-Logo.png Graphic file (type png)
<use Images/BeeLive-Logo.png>
Package pdftex.def Info: Images/BeeLive-Logo.png  used on input line 60.
(pdftex.def)             Requested size: 384.11221pt x 292.66199pt.
LaTeX Font Info:    Font shape `T1/opensans-TOsF/b/n' will be
(Font)              scaled to size 17.28pt on input line 60.
LaTeX Font Info:    Font shape `T1/opensans-TOsF/m/n' will be
(Font)              scaled to size 12.0pt on input line 60.
LaTeX Font Info:    External font `cmex10' loaded for size
(Font)              <12> on input line 60.
LaTeX Font Info:    External font `cmex10' loaded for size
(Font)              <8> on input line 60.
LaTeX Font Info:    External font `cmex10' loaded for size
(Font)              <6> on input line 60.
LaTeX Font Info:    Font shape `T1/opensans-TOsF/b/n' will be
(Font)              scaled to size 10.0pt on input line 61.


Package fancyhdr Warning: \footskip is too small (0.0pt): 
(fancyhdr)                Make it at least 3.60004pt, for example:
(fancyhdr)                \setlength{\footskip}{3.60004pt}.

[1

{c:/texlive/2023/texmf-var/fonts/map/pdftex/updmap/pdftex.map}{c:/texlive/2023/texmf-dist/fonts/enc/dvips/opensans/a_p2vepx.enc} <./Images/BeeLive-Logo.png>]
LaTeX Font Info:    Font shape `T1/opensans-TOsF/m/n' will be
(Font)              scaled to size 14.4pt on input line 66.
LaTeX Font Info:    Font shape `T1/opensans-TOsF/b/n' will be
(Font)              scaled to size 14.4pt on input line 66.
 (./deliverable2.toc
LaTeX Font Info:    External font `cmex10' loaded for size
(Font)              <7> on input line 2.
LaTeX Font Info:    External font `cmex10' loaded for size
(Font)              <5> on input line 2.
LaTeX Font Info:    Font shape `T1/opensans-TOsF/m/it' will be
(Font)              scaled to size 10.0pt on input line 8.
)
\tf@toc=\write5
\openout5 = `deliverable2.toc'.

File: Images/BeeLive-Logo.png Graphic file (type png)
<use Images/BeeLive-Logo.png>
Package pdftex.def Info: Images/BeeLive-Logo.png  used on input line 68.
(pdftex.def)             Requested size: 56.9055pt x 43.35213pt.


Package fancyhdr Warning: \headheight is too small (12.0pt): 
(fancyhdr)                Make it at least 60.95216pt, for example:
(fancyhdr)                \setlength{\headheight}{60.95216pt}.
(fancyhdr)                You might also make \topmargin smaller to compensate:
(fancyhdr)                \addtolength{\topmargin}{-48.95216pt}.


Package fancyhdr Warning: \footskip is too small (0.0pt): 
(fancyhdr)                Make it at least 3.60004pt, for example:
(fancyhdr)                \setlength{\footskip}{3.60004pt}.

[2

]
Underfull \hbox (badness 10000) in paragraph at lines 73--75

 []

LaTeX Font Info:    Trying to load font information for TS1+opensans-TOsF on input line 80.
(c:/texlive/2023/texmf-dist/tex/latex/opensans/TS1opensans-TOsF.fd
File: TS1opensans-TOsF.fd 2019/06/24 Font definitions for TS1/opensans-TOsF.
)
LaTeX Font Info:    Font shape `TS1/opensans-TOsF/m/n' will be
(Font)              scaled to size 10.0pt on input line 80.
LaTeX Font Info:    Font shape `T1/opensans-TOsF/b/n' will be
(Font)              scaled to size 12.0pt on input line 84.
<Images/ComponentDiagram_overview.png, id=216, 756.8275pt x 468.75125pt>
File: Images/ComponentDiagram_overview.png Graphic file (type png)
<use Images/ComponentDiagram_overview.png>
Package pdftex.def Info: Images/ComponentDiagram_overview.png  used on input line 89.
(pdftex.def)             Requested size: 512.14963pt x 317.20882pt.
File: Images/BeeLive-Logo.png Graphic file (type png)
<use Images/BeeLive-Logo.png>
Package pdftex.def Info: Images/BeeLive-Logo.png  used on input line 94.
(pdftex.def)             Requested size: 56.9055pt x 43.35213pt.


Package fancyhdr Warning: \headheight is too small (12.0pt): 
(fancyhdr)                Make it at least 60.95216pt, for example:
(fancyhdr)                \setlength{\headheight}{60.95216pt}.
(fancyhdr)                You might also make \topmargin smaller to compensate:
(fancyhdr)                \addtolength{\topmargin}{-48.95216pt}.


Package fancyhdr Warning: \footskip is too small (0.0pt): 
(fancyhdr)                Make it at least 3.60004pt, for example:
(fancyhdr)                \setlength{\footskip}{3.60004pt}.

[3

{c:/texlive/2023/texmf-dist/fonts/enc/dvips/opensans/a_nvvucy.enc} <./Images/ComponentDiagram_overview.png>]
Underfull \hbox (badness 1365) in paragraph at lines 128--128
\T1/opensans-TOsF/m/n/10 dell'account utente. Com-porta la can-cel-lazione dei dati as-so-ciati
 []

File: Images/BeeLive-Logo.png Graphic file (type png)
<use Images/BeeLive-Logo.png>
Package pdftex.def Info: Images/BeeLive-Logo.png  used on input line 152.
(pdftex.def)             Requested size: 56.9055pt x 43.35213pt.

Package fancyhdr Warning: \headheight is too small (12.0pt): 
(fancyhdr)                Make it at least 60.95216pt, for example:
(fancyhdr)                \setlength{\headheight}{60.95216pt}.
(fancyhdr)                You might also make \topmargin smaller to compensate:
(fancyhdr)                \addtolength{\topmargin}{-48.95216pt}.


Package fancyhdr Warning: \footskip is too small (0.0pt): 
(fancyhdr)                Make it at least 3.60004pt, for example:
(fancyhdr)                \setlength{\footskip}{3.60004pt}.

[4

]
File: Images/BeeLive-Logo.png Graphic file (type png)
<use Images/BeeLive-Logo.png>
Package pdftex.def Info: Images/BeeLive-Logo.png  used on input line 204.
(pdftex.def)             Requested size: 56.9055pt x 43.35213pt.


Package fancyhdr Warning: \headheight is too small (12.0pt): 
(fancyhdr)                Make it at least 60.95216pt, for example:
(fancyhdr)                \setlength{\headheight}{60.95216pt}.
(fancyhdr)                You might also make \topmargin smaller to compensate:
(fancyhdr)                \addtolength{\topmargin}{-48.95216pt}.


Package fancyhdr Warning: \footskip is too small (0.0pt): 
(fancyhdr)                Make it at least 3.60004pt, for example:
(fancyhdr)                \setlength{\footskip}{3.60004pt}.

[5

]
Underfull \hbox (badness 1253) in paragraph at lines 226--226
[]|\T1/opensans-TOsF/m/n/10 Il com-po-nente uti-lizza l'interfaccia for-nita dal com-po-nente \T1/opensans-TOsF/m/it/10 Mon-goDB
 []

File: Images/BeeLive-Logo.png Graphic file (type png)
<use Images/BeeLive-Logo.png>
Package pdftex.def Info: Images/BeeLive-Logo.png  used on input line 230.
(pdftex.def)             Requested size: 56.9055pt x 43.35213pt.

Package fancyhdr Warning: \headheight is too small (12.0pt): 
(fancyhdr)                Make it at least 60.95216pt, for example:
(fancyhdr)                \setlength{\headheight}{60.95216pt}.
(fancyhdr)                You might also make \topmargin smaller to compensate:
(fancyhdr)                \addtolength{\topmargin}{-48.95216pt}.


Package fancyhdr Warning: \footskip is too small (0.0pt): 
(fancyhdr)                Make it at least 3.60004pt, for example:
(fancyhdr)                \setlength{\footskip}{3.60004pt}.

[6

]
LaTeX Font Info:    Font shape `T1/opensans-TOsF/b/it' will be
(Font)              scaled to size 12.0pt on input line 232.
<Images/ComponentDiagram_Notification.drawio.png, id=241, 416.55624pt x 548.0475pt>
File: Images/ComponentDiagram_Notification.drawio.png Graphic file (type png)
<use Images/ComponentDiagram_Notification.drawio.png>
Package pdftex.def Info: Images/ComponentDiagram_Notification.drawio.png  used on input line 237.
(pdftex.def)             Requested size: 256.07481pt x 336.92595pt.
File: Images/BeeLive-Logo.png Graphic file (type png)
<use Images/BeeLive-Logo.png>
Package pdftex.def Info: Images/BeeLive-Logo.png  used on input line 262.
(pdftex.def)             Requested size: 56.9055pt x 43.35213pt.


Package fancyhdr Warning: \headheight is too small (12.0pt): 
(fancyhdr)                Make it at least 60.95216pt, for example:
(fancyhdr)                \setlength{\headheight}{60.95216pt}.
(fancyhdr)                You might also make \topmargin smaller to compensate:
(fancyhdr)                \addtolength{\topmargin}{-48.95216pt}.


Package fancyhdr Warning: \footskip is too small (0.0pt): 
(fancyhdr)                Make it at least 3.60004pt, for example:
(fancyhdr)                \setlength{\footskip}{3.60004pt}.

[7

 <./Images/ComponentDiagram_Notification.drawio.png>]
File: Images/BeeLive-Logo.png Graphic file (type png)
<use Images/BeeLive-Logo.png>
Package pdftex.def Info: Images/BeeLive-Logo.png  used on input line 308.
(pdftex.def)             Requested size: 56.9055pt x 43.35213pt.


Package fancyhdr Warning: \headheight is too small (12.0pt): 
(fancyhdr)                Make it at least 60.95216pt, for example:
(fancyhdr)                \setlength{\headheight}{60.95216pt}.
(fancyhdr)                You might also make \topmargin smaller to compensate:
(fancyhdr)                \addtolength{\topmargin}{-48.95216pt}.


Package fancyhdr Warning: \footskip is too small (0.0pt): 
(fancyhdr)                Make it at least 3.60004pt, for example:
(fancyhdr)                \setlength{\footskip}{3.60004pt}.

[8

]
<Images/ComponentDiagram_Public.png, id=257, 754.82pt x 546.04pt>
File: Images/ComponentDiagram_Public.png Graphic file (type png)
<use Images/ComponentDiagram_Public.png>
Package pdftex.def Info: Images/ComponentDiagram_Public.png  used on input line 315.
(pdftex.def)             Requested size: 384.11221pt x 277.86848pt.
File: Images/BeeLive-Logo.png Graphic file (type png)
<use Images/BeeLive-Logo.png>
Package pdftex.def Info: Images/BeeLive-Logo.png  used on input line 340.
(pdftex.def)             Requested size: 56.9055pt x 43.35213pt.


Package fancyhdr Warning: \headheight is too small (12.0pt): 
(fancyhdr)                Make it at least 60.95216pt, for example:
(fancyhdr)                \setlength{\headheight}{60.95216pt}.
(fancyhdr)                You might also make \topmargin smaller to compensate:
(fancyhdr)                \addtolength{\topmargin}{-48.95216pt}.


Package fancyhdr Warning: \footskip is too small (0.0pt): 
(fancyhdr)                Make it at least 3.60004pt, for example:
(fancyhdr)                \setlength{\footskip}{3.60004pt}.

[9

 <./Images/ComponentDiagram_Public.png>]
File: Images/BeeLive-Logo.png Graphic file (type png)
<use Images/BeeLive-Logo.png>
Package pdftex.def Info: Images/BeeLive-Logo.png  used on input line 406.
(pdftex.def)             Requested size: 56.9055pt x 43.35213pt.


Package fancyhdr Warning: \headheight is too small (12.0pt): 
(fancyhdr)                Make it at least 60.95216pt, for example:
(fancyhdr)                \setlength{\headheight}{60.95216pt}.
(fancyhdr)                You might also make \topmargin smaller to compensate:
(fancyhdr)                \addtolength{\topmargin}{-48.95216pt}.


Package fancyhdr Warning: \footskip is too small (0.0pt): 
(fancyhdr)                Make it at least 3.60004pt, for example:
(fancyhdr)                \setlength{\footskip}{3.60004pt}.

[10

]
<Images/ComponentDiagram_Management.png, id=272, 1282.7925pt x 578.16pt>
File: Images/ComponentDiagram_Management.png Graphic file (type png)
<use Images/ComponentDiagram_Management.png>
Package pdftex.def Info: Images/ComponentDiagram_Management.png  used on input line 435.
(pdftex.def)             Requested size: 512.14963pt x 230.82762pt.
File: Images/BeeLive-Logo.png Graphic file (type png)
<use Images/BeeLive-Logo.png>
Package pdftex.def Info: Images/BeeLive-Logo.png  used on input line 457.
(pdftex.def)             Requested size: 56.9055pt x 43.35213pt.


Package fancyhdr Warning: \headheight is too small (12.0pt): 
(fancyhdr)                Make it at least 60.95216pt, for example:
(fancyhdr)                \setlength{\headheight}{60.95216pt}.
(fancyhdr)                You might also make \topmargin smaller to compensate:
(fancyhdr)                \addtolength{\topmargin}{-48.95216pt}.


Package fancyhdr Warning: \footskip is too small (0.0pt): 
(fancyhdr)                Make it at least 3.60004pt, for example:
(fancyhdr)                \setlength{\footskip}{3.60004pt}.

[11

 <./Images/ComponentDiagram_Management.png>]
Underfull \hbox (badness 1616) in paragraph at lines 483--483
[]|\T1/opensans-TOsF/m/n/10 Il com-po-nente uti-lizza l'interfaccia for-nita dal com-po-nente \T1/opensans-TOsF/m/it/10 DAO \T1/opensans-TOsF/m/n/10 per
 []

File: Images/BeeLive-Logo.png Graphic file (type png)
<use Images/BeeLive-Logo.png>
Package pdftex.def Info: Images/BeeLive-Logo.png  used on input line 525.
(pdftex.def)             Requested size: 56.9055pt x 43.35213pt.

Package fancyhdr Warning: \headheight is too small (12.0pt): 
(fancyhdr)                Make it at least 60.95216pt, for example:
(fancyhdr)                \setlength{\headheight}{60.95216pt}.
(fancyhdr)                You might also make \topmargin smaller to compensate:
(fancyhdr)                \addtolength{\topmargin}{-48.95216pt}.


Package fancyhdr Warning: \footskip is too small (0.0pt): 
(fancyhdr)                Make it at least 3.60004pt, for example:
(fancyhdr)                \setlength{\footskip}{3.60004pt}.

[12

]
File: Images/BeeLive-Logo.png Graphic file (type png)
<use Images/BeeLive-Logo.png>
Package pdftex.def Info: Images/BeeLive-Logo.png  used on input line 592.
(pdftex.def)             Requested size: 56.9055pt x 43.35213pt.


Package fancyhdr Warning: \headheight is too small (12.0pt): 
(fancyhdr)                Make it at least 60.95216pt, for example:
(fancyhdr)                \setlength{\headheight}{60.95216pt}.
(fancyhdr)                You might also make \topmargin smaller to compensate:
(fancyhdr)                \addtolength{\topmargin}{-48.95216pt}.


Package fancyhdr Warning: \footskip is too small (0.0pt): 
(fancyhdr)                Make it at least 3.60004pt, for example:
(fancyhdr)                \setlength{\footskip}{3.60004pt}.

[13

]
Underfull \hbox (badness 10000) in paragraph at lines 598--600

 []

<Images/UtenteAutenticabile-Class.png, id=297, 272.01625pt x 144.54pt>
File: Images/UtenteAutenticabile-Class.png Graphic file (type png)
<use Images/UtenteAutenticabile-Class.png>
Package pdftex.def Info: Images/UtenteAutenticabile-Class.png  used on input line 606.
(pdftex.def)             Requested size: 128.0374pt x 68.03745pt.

Underfull \hbox (badness 10000) in paragraph at lines 611--613

 []


Underfull \hbox (badness 10000) in paragraph at lines 614--615

 []


Underfull \hbox (badness 10000) in paragraph at lines 622--623

 []


Underfull \hbox (badness 10000) in paragraph at lines 627--628

 []

File: Images/BeeLive-Logo.png Graphic file (type png)
<use Images/BeeLive-Logo.png>
Package pdftex.def Info: Images/BeeLive-Logo.png  used on input line 630.
(pdftex.def)             Requested size: 56.9055pt x 43.35213pt.

Package fancyhdr Warning: \headheight is too small (12.0pt): 
(fancyhdr)                Make it at least 60.95216pt, for example:
(fancyhdr)                \setlength{\headheight}{60.95216pt}.
(fancyhdr)                You might also make \topmargin smaller to compensate:
(fancyhdr)                \addtolength{\topmargin}{-48.95216pt}.


Package fancyhdr Warning: \footskip is too small (0.0pt): 
(fancyhdr)                Make it at least 3.60004pt, for example:
(fancyhdr)                \setlength{\footskip}{3.60004pt}.

[14

 <./Images/UtenteAutenticabile-Class.png>]
<Images/Utente-Class.png, id=304, 292.09125pt x 273.02pt>
File: Images/Utente-Class.png Graphic file (type png)
<use Images/Utente-Class.png>
Package pdftex.def Info: Images/Utente-Class.png  used on input line 637.
(pdftex.def)             Requested size: 128.0374pt x 119.67924pt.

Underfull \hbox (badness 10000) in paragraph at lines 642--644

 []


Underfull \hbox (badness 10000) in paragraph at lines 649--650

 []

File: Images/BeeLive-Logo.png Graphic file (type png)
<use Images/BeeLive-Logo.png>
Package pdftex.def Info: Images/BeeLive-Logo.png  used on input line 664.
(pdftex.def)             Requested size: 56.9055pt x 43.35213pt.

Package fancyhdr Warning: \headheight is too small (12.0pt): 
(fancyhdr)                Make it at least 60.95216pt, for example:
(fancyhdr)                \setlength{\headheight}{60.95216pt}.
(fancyhdr)                You might also make \topmargin smaller to compensate:
(fancyhdr)                \addtolength{\topmargin}{-48.95216pt}.


Package fancyhdr Warning: \footskip is too small (0.0pt): 
(fancyhdr)                Make it at least 3.60004pt, for example:
(fancyhdr)                \setlength{\footskip}{3.60004pt}.

[15

 <./Images/Utente-Class.png>]
<Images/UtenteAmministratore-Class.png, id=313, 161.60374pt x 61.22874pt>
File: Images/UtenteAmministratore-Class.png Graphic file (type png)
<use Images/UtenteAmministratore-Class.png>
Package pdftex.def Info: Images/UtenteAmministratore-Class.png  used on input line 671.
(pdftex.def)             Requested size: 128.0374pt x 48.5131pt.

Underfull \hbox (badness 10000) in paragraph at lines 676--677

 []


Underfull \hbox (badness 10000) in paragraph at lines 678--679

 []

<Images/UtenteAutorizzato-Class.png, id=315, 301.125pt x 332.24126pt>
File: Images/UtenteAutorizzato-Class.png Graphic file (type png)
<use Images/UtenteAutorizzato-Class.png>
Package pdftex.def Info: Images/UtenteAutorizzato-Class.png  used on input line 692.
(pdftex.def)             Requested size: 153.64644pt x 169.52698pt.

Underfull \hbox (badness 10000) in paragraph at lines 697--698

 []


Underfull \hbox (badness 10000) in paragraph at lines 702--703

 []

File: Images/BeeLive-Logo.png Graphic file (type png)
<use Images/BeeLive-Logo.png>
Package pdftex.def Info: Images/BeeLive-Logo.png  used on input line 711.
(pdftex.def)             Requested size: 56.9055pt x 43.35213pt.

Package fancyhdr Warning: \headheight is too small (12.0pt): 
(fancyhdr)                Make it at least 60.95216pt, for example:
(fancyhdr)                \setlength{\headheight}{60.95216pt}.
(fancyhdr)                You might also make \topmargin smaller to compensate:
(fancyhdr)                \addtolength{\topmargin}{-48.95216pt}.


Package fancyhdr Warning: \footskip is too small (0.0pt): 
(fancyhdr)                Make it at least 3.60004pt, for example:
(fancyhdr)                \setlength{\footskip}{3.60004pt}.

[16

 <./Images/UtenteAmministratore-Class.png> <./Images/UtenteAutorizzato-Class.png>]
File: Images/BeeLive-Logo.png Graphic file (type png)
<use Images/BeeLive-Logo.png>
Package pdftex.def Info: Images/BeeLive-Logo.png  used on input line 720.
(pdftex.def)             Requested size: 56.9055pt x 43.35213pt.


Package fancyhdr Warning: \headheight is too small (12.0pt): 
(fancyhdr)                Make it at least 60.95216pt, for example:
(fancyhdr)                \setlength{\headheight}{60.95216pt}.
(fancyhdr)                You might also make \topmargin smaller to compensate:
(fancyhdr)                \addtolength{\topmargin}{-48.95216pt}.


Package fancyhdr Warning: \footskip is too small (0.0pt): 
(fancyhdr)                Make it at least 3.60004pt, for example:
(fancyhdr)                \setlength{\footskip}{3.60004pt}.

[17]
<Images/Evento-Class.png, id=329, 318.18875pt x 554.07pt>
File: Images/Evento-Class.png Graphic file (type png)
<use Images/Evento-Class.png>
Package pdftex.def Info: Images/Evento-Class.png  used on input line 727.
(pdftex.def)             Requested size: 128.0374pt x 222.95142pt.

Underfull \hbox (badness 10000) in paragraph at lines 734--736

 []

File: Images/BeeLive-Logo.png Graphic file (type png)
<use Images/BeeLive-Logo.png>
Package pdftex.def Info: Images/BeeLive-Logo.png  used on input line 752.
(pdftex.def)             Requested size: 56.9055pt x 43.35213pt.

Package fancyhdr Warning: \headheight is too small (12.0pt): 
(fancyhdr)                Make it at least 60.95216pt, for example:
(fancyhdr)                \setlength{\headheight}{60.95216pt}.
(fancyhdr)                You might also make \topmargin smaller to compensate:
(fancyhdr)                \addtolength{\topmargin}{-48.95216pt}.


Package fancyhdr Warning: \footskip is too small (0.0pt): 
(fancyhdr)                Make it at least 3.60004pt, for example:
(fancyhdr)                \setlength{\footskip}{3.60004pt}.

[18

 <./Images/Evento-Class.png>]
<Images/Zona-Class.png, id=336, 462.72874pt x 161.60374pt>
File: Images/Zona-Class.png Graphic file (type png)
<use Images/Zona-Class.png>
Package pdftex.def Info: Images/Zona-Class.png  used on input line 759.
(pdftex.def)             Requested size: 256.07481pt x 89.43222pt.

Underfull \hbox (badness 10000) in paragraph at lines 764--765

 []


Underfull \hbox (badness 10000) in paragraph at lines 771--772

 []

File: Images/BeeLive-Logo.png Graphic file (type png)
<use Images/BeeLive-Logo.png>
Package pdftex.def Info: Images/BeeLive-Logo.png  used on input line 780.
(pdftex.def)             Requested size: 56.9055pt x 43.35213pt.

Package fancyhdr Warning: \headheight is too small (12.0pt): 
(fancyhdr)                Make it at least 60.95216pt, for example:
(fancyhdr)                \setlength{\headheight}{60.95216pt}.
(fancyhdr)                You might also make \topmargin smaller to compensate:
(fancyhdr)                \addtolength{\topmargin}{-48.95216pt}.


Package fancyhdr Warning: \footskip is too small (0.0pt): 
(fancyhdr)                Make it at least 3.60004pt, for example:
(fancyhdr)                \setlength{\footskip}{3.60004pt}.

[19

 <./Images/Zona-Class.png>]
<Images/Categoria-Class.png, id=344, 745.78625pt x 272.01625pt>
File: Images/Categoria-Class.png Graphic file (type png)
<use Images/Categoria-Class.png>
Package pdftex.def Info: Images/Categoria-Class.png  used on input line 787.
(pdftex.def)             Requested size: 256.07481pt x 93.39743pt.

Underfull \hbox (badness 10000) in paragraph at lines 792--793

 []


Underfull \hbox (badness 10000) in paragraph at lines 799--800

 []

File: Images/BeeLive-Logo.png Graphic file (type png)
<use Images/BeeLive-Logo.png>
Package pdftex.def Info: Images/BeeLive-Logo.png  used on input line 803.
(pdftex.def)             Requested size: 56.9055pt x 43.35213pt.

Package fancyhdr Warning: \headheight is too small (12.0pt): 
(fancyhdr)                Make it at least 60.95216pt, for example:
(fancyhdr)                \setlength{\headheight}{60.95216pt}.
(fancyhdr)                You might also make \topmargin smaller to compensate:
(fancyhdr)                \addtolength{\topmargin}{-48.95216pt}.


Package fancyhdr Warning: \footskip is too small (0.0pt): 
(fancyhdr)                Make it at least 3.60004pt, for example:
(fancyhdr)                \setlength{\footskip}{3.60004pt}.

[20

 <./Images/Categoria-Class.png>]
<Images/ClassDiagram.png, id=351, 1521.685pt x 1337.99875pt>
File: Images/ClassDiagram.png Graphic file (type png)
<use Images/ClassDiagram.png>
Package pdftex.def Info: Images/ClassDiagram.png  used on input line 807.
(pdftex.def)             Requested size: 512.14963pt x 450.34033pt.
LaTeX Font Info:    Trying to load font information for T1+cmtt on input line 821.
 (c:/texlive/2023/texmf-dist/tex/latex/base/t1cmtt.fd
File: t1cmtt.fd 2023/04/13 v2.5m Standard LaTeX font definitions
)
File: Images/BeeLive-Logo.png Graphic file (type png)
<use Images/BeeLive-Logo.png>
Package pdftex.def Info: Images/BeeLive-Logo.png  used on input line 832.
(pdftex.def)             Requested size: 56.9055pt x 43.35213pt.


Package fancyhdr Warning: \headheight is too small (12.0pt): 
(fancyhdr)                Make it at least 60.95216pt, for example:
(fancyhdr)                \setlength{\headheight}{60.95216pt}.
(fancyhdr)                You might also make \topmargin smaller to compensate:
(fancyhdr)                \addtolength{\topmargin}{-48.95216pt}.


Package fancyhdr Warning: \footskip is too small (0.0pt): 
(fancyhdr)                Make it at least 3.60004pt, for example:
(fancyhdr)                \setlength{\footskip}{3.60004pt}.

[21

{c:/texlive/2023/texmf-dist/fonts/enc/dvips/cm-super/cm-super-t1.enc} <./Images/ClassDiagram.png>]
Overfull \hbox (38.96579pt too wide) in paragraph at lines 850--850
[]\T1/cmtt/m/n/10 /// il creatore dell'evento deve avere competenza su tutti i sottoeventi. Il viceversa invece non è vero.[] 
 []


Overfull \hbox (70.4581pt too wide) in paragraph at lines 895--895
[] \T1/cmtt/m/n/10 /// se un evento ha anche solo una categoria d'interesse per l'utente allora deve essere inclusa nel risultato[] 
 []


Overfull \hbox (112.44785pt too wide) in paragraph at lines 895--895
[] \T1/cmtt/m/n/10 /// non deve esserci alcun evento, con una categoria d'interesse per l'utente, che non sia stata inclusa nel risultato[] 
 []


Overfull \hbox (233.16837pt too wide) in paragraph at lines 895--895
[] \T1/cmtt/m/n/10 post: Evento.allInstances() -> forAll (e | if e.categorie -> exists(c | self.categorie_di_interesse -> includes(c) then result -> includes(e)[] 
 []

File: Images/BeeLive-Logo.png Graphic file (type png)
<use Images/BeeLive-Logo.png>
Package pdftex.def Info: Images/BeeLive-Logo.png  used on input line 895.
(pdftex.def)             Requested size: 56.9055pt x 43.35213pt.

Package fancyhdr Warning: \headheight is too small (12.0pt): 
(fancyhdr)                Make it at least 60.95216pt, for example:
(fancyhdr)                \setlength{\headheight}{60.95216pt}.
(fancyhdr)                You might also make \topmargin smaller to compensate:
(fancyhdr)                \addtolength{\topmargin}{-48.95216pt}.


Package fancyhdr Warning: \footskip is too small (0.0pt): 
(fancyhdr)                Make it at least 3.60004pt, for example:
(fancyhdr)                \setlength{\footskip}{3.60004pt}.

[22]
Overfull \hbox (710.80173pt too wide) in paragraph at lines 908--908
[]\T1/cmtt/m/n/10 /// Le categorie formano delle foreste di alberi, per cui non possono esistere cicli. Questa è una funzione ausiliaria che parte da un nodo (categoria) e ritorna vero se l'albero a cui esso è "attaccato" ha cicli; falso se non ne ha.[] 
 []


Overfull \hbox (2.22476pt too wide) in paragraph at lines 908--908
[]\T1/cmtt/m/n/10 def: static haCicli(categoria: Categoria) = FloydCycleAlgorithm /// ...o qualsiasi altro algoritmo[] 
 []

File: Images/BeeLive-Logo.png Graphic file (type png)
<use Images/BeeLive-Logo.png>
Package pdftex.def Info: Images/BeeLive-Logo.png  used on input line 910.
(pdftex.def)             Requested size: 56.9055pt x 43.35213pt.

Package fancyhdr Warning: \headheight is too small (12.0pt): 
(fancyhdr)                Make it at least 60.95216pt, for example:
(fancyhdr)                \setlength{\headheight}{60.95216pt}.
(fancyhdr)                You might also make \topmargin smaller to compensate:
(fancyhdr)                \addtolength{\topmargin}{-48.95216pt}.


Package fancyhdr Warning: \footskip is too small (0.0pt): 
(fancyhdr)                Make it at least 3.60004pt, for example:
(fancyhdr)                \setlength{\footskip}{3.60004pt}.

[23]
File: Images/BeeLive-Logo.png Graphic file (type png)
<use Images/BeeLive-Logo.png>
Package pdftex.def Info: Images/BeeLive-Logo.png  used on input line 992.
(pdftex.def)             Requested size: 56.9055pt x 43.35213pt.


Package fancyhdr Warning: \headheight is too small (12.0pt): 
(fancyhdr)                Make it at least 60.95216pt, for example:
(fancyhdr)                \setlength{\headheight}{60.95216pt}.
(fancyhdr)                You might also make \topmargin smaller to compensate:
(fancyhdr)                \addtolength{\topmargin}{-48.95216pt}.


Package fancyhdr Warning: \footskip is too small (0.0pt): 
(fancyhdr)                Make it at least 3.60004pt, for example:
(fancyhdr)                \setlength{\footskip}{3.60004pt}.

[24

]
File: Images/BeeLive-Logo.png Graphic file (type png)
<use Images/BeeLive-Logo.png>
Package pdftex.def Info: Images/BeeLive-Logo.png  used on input line 994.
(pdftex.def)             Requested size: 56.9055pt x 43.35213pt.


Package fancyhdr Warning: \headheight is too small (12.0pt): 
(fancyhdr)                Make it at least 60.95216pt, for example:
(fancyhdr)                \setlength{\headheight}{60.95216pt}.
(fancyhdr)                You might also make \topmargin smaller to compensate:
(fancyhdr)                \addtolength{\topmargin}{-48.95216pt}.


Package fancyhdr Warning: \footskip is too small (0.0pt): 
(fancyhdr)                Make it at least 3.60004pt, for example:
(fancyhdr)                \setlength{\footskip}{3.60004pt}.

[25] (./deliverable2.aux)
 ***********
LaTeX2e <2023-11-01> patch level 1
L3 programming layer <2024-02-20>
 ***********
Package rerunfilecheck Info: File `deliverable2.out' has not changed.
(rerunfilecheck)             Checksum: 5A6A87BC5261BE5E00EBFF3BE4DC2C6E;5512.
 ) 
Here is how much of TeX's memory you used:
 14505 strings out of 474116
 256875 string characters out of 5747718
 1943190 words of memory out of 5000000
 36578 multiletter control sequences out of 15000+600000
 570052 words of font info for 67 fonts, out of 8000000 for 9000
 1141 hyphenation exceptions out of 8191
 83i,15n,131p,419b,622s stack positions out of 10000i,1000n,20000p,200000b,200000s
<c:/texlive/2023/texmf-dist/fonts/type1/ascender/opensans/OpenSans-Bold.pfb><c:/texlive/2023/texmf-dist/fonts/type1/ascender/opensans/OpenSans-BoldItalic.pfb><c:/texlive/2023/texmf-dist/fonts/type1/ascender/opensans/OpenSans-Italic.pfb><c:/texlive/2023/texmf-dist/fonts/type1/ascender/opensans/OpenSans-Regular.pfb><c:/texlive/2023/texmf-dist/fonts/type1/public/cm-super/sftt1000.pfb>
Output written on deliverable2.pdf (25 pages, 469362 bytes).
PDF statistics:
 428 PDF objects out of 1000 (max. 8388607)
 360 compressed objects within 4 object streams
 98 named destinations out of 1000 (max. 500000)
 378 words of extra memory for PDF output out of 10000 (max. 10000000)

