\BOOKMARK [1][-]{section.1}{\376\377\000C\000o\000m\000p\000o\000n\000e\000n\000t\000\040\000D\000i\000a\000g\000r\000a\000m}{}% 1
\BOOKMARK [2][-]{subsection.1.1}{\376\377\000G\000e\000s\000t\000i\000o\000n\000e\000\040\000u\000t\000e\000n\000t\000e}{section.1}% 2
\BOOKMARK [2][-]{subsection.1.2}{\376\377\000G\000e\000s\000t\000i\000o\000n\000e\000\040\000a\000m\000m\000i\000n\000i\000s\000t\000r\000a\000z\000i\000o\000n\000e}{section.1}% 3
\BOOKMARK [2][-]{subsection.1.3}{\376\377\000G\000e\000s\000t\000i\000o\000n\000e\000\040\000d\000i\000\040\000s\000i\000s\000t\000e\000m\000a}{section.1}% 4
\BOOKMARK [2][-]{subsection.1.4}{\376\377\000G\000e\000s\000t\000i\000o\000n\000e\000\040\000a\000u\000t\000e\000n\000t\000i\000c\000a\000z\000i\000o\000n\000e}{section.1}% 5
\BOOKMARK [2][-]{subsection.1.5}{\376\377\000G\000e\000s\000t\000i\000o\000n\000e\000\040\000n\000o\000t\000i\000f\000i\000c\000h\000e}{section.1}% 6
\BOOKMARK [2][-]{subsection.1.6}{\376\377\000G\000e\000s\000t\000i\000o\000n\000e\000\040\000p\000e\000r\000c\000o\000r\000s\000i}{section.1}% 7
\BOOKMARK [2][-]{subsection.1.7}{\376\377\000G\000e\000s\000t\000i\000o\000n\000e\000\040\000d\000a\000t\000a\000b\000a\000s\000e}{section.1}% 8
\BOOKMARK [1][-]{section.2}{\376\377\000D\000i\000a\000g\000r\000a\000m\000m\000a\000\040\000d\000e\000l\000l\000e\000\040\000c\000l\000a\000s\000s\000i}{}% 9
\BOOKMARK [2][-]{subsection.2.1}{\376\377\000T\000i\000p\000i\000\040\000d\000e\000g\000l\000i\000\040\000o\000g\000g\000e\000t\000t\000i\000\040\000c\000u\000s\000t\000o\000m}{section.2}% 10
\BOOKMARK [3][-]{subsubsection.2.1.1}{\376\377\000E\000v\000e\000n\000t\000o}{subsection.2.1}% 11
\BOOKMARK [3][-]{subsubsection.2.1.2}{\376\377\000P\000e\000r\000c\000o\000r\000s\000o}{subsection.2.1}% 12
\BOOKMARK [3][-]{subsubsection.2.1.3}{\376\377\000Z\000o\000n\000a\000\040\000d\000'\000i\000n\000t\000e\000r\000e\000s\000s\000e}{subsection.2.1}% 13
\BOOKMARK [3][-]{subsubsection.2.1.4}{\376\377\000C\000a\000t\000e\000g\000o\000r\000i\000a}{subsection.2.1}% 14
\BOOKMARK [3][-]{subsubsection.2.1.5}{\376\377\000P\000o\000l\000i\000c\000y}{subsection.2.1}% 15
\BOOKMARK [3][-]{subsubsection.2.1.6}{\376\377\000C\000o\000m\000p\000e\000t\000e\000n\000z\000a}{subsection.2.1}% 16
\BOOKMARK [2][-]{subsection.2.2}{\376\377\000G\000e\000s\000t\000o\000r\000i}{section.2}% 17
\BOOKMARK [3][-]{subsubsection.2.2.1}{\376\377\000G\000e\000s\000t\000i\000o\000n\000e\000\040\000u\000t\000e\000n\000t\000e}{subsection.2.2}% 18
\BOOKMARK [3][-]{subsubsection.2.2.2}{\376\377\000G\000e\000s\000t\000i\000o\000n\000e\000\040\000a\000m\000m\000i\000n\000i\000s\000t\000r\000a\000z\000i\000o\000n\000e}{subsection.2.2}% 19
\BOOKMARK [3][-]{subsubsection.2.2.3}{\376\377\000G\000e\000s\000t\000i\000o\000n\000e\000\040\000d\000i\000\040\000s\000i\000s\000t\000e\000m\000a}{subsection.2.2}% 20
\BOOKMARK [3][-]{subsubsection.2.2.4}{\376\377\000G\000e\000s\000t\000i\000o\000n\000e\000\040\000n\000o\000t\000i\000f\000i\000c\000h\000e}{subsection.2.2}% 21
\BOOKMARK [3][-]{subsubsection.2.2.5}{\376\377\000G\000e\000s\000t\000i\000o\000n\000e\000\040\000p\000e\000r\000c\000o\000r\000s\000i}{subsection.2.2}% 22
\BOOKMARK [3][-]{subsubsection.2.2.6}{\376\377\000G\000e\000s\000t\000i\000o\000n\000e\000\040\000a\000u\000t\000e\000n\000t\000i\000c\000a\000z\000i\000o\000n\000e}{subsection.2.2}% 23
\BOOKMARK [3][-]{subsubsection.2.2.7}{\376\377\000G\000e\000s\000t\000i\000o\000n\000e\000\040\000d\000a\000t\000a\000b\000a\000s\000e}{subsection.2.2}% 24
\BOOKMARK [2][-]{subsection.2.3}{\376\377\000U\000t\000e\000n\000t\000i}{section.2}% 25
\BOOKMARK [3][-]{subsubsection.2.3.1}{\376\377\000U\000t\000e\000n\000t\000e\000\040\000n\000o\000n\000\040\000a\000u\000t\000e\000n\000t\000i\000c\000a\000t\000o}{subsection.2.3}% 26
\BOOKMARK [3][-]{subsubsection.2.3.2}{\376\377\000U\000t\000e\000n\000t\000e\000\040\000a\000u\000t\000e\000n\000t\000i\000c\000a\000t\000o}{subsection.2.3}% 27
\BOOKMARK [3][-]{subsubsection.2.3.3}{\376\377\000U\000t\000e\000n\000t\000e\000\040\000a\000u\000t\000o\000r\000i\000z\000z\000a\000t\000o}{subsection.2.3}% 28
\BOOKMARK [3][-]{subsubsection.2.3.4}{\376\377\000U\000t\000e\000n\000t\000e\000\040\000a\000m\000m\000i\000n\000i\000s\000t\000r\000a\000t\000o\000r\000e}{subsection.2.3}% 29
\BOOKMARK [1][-]{section.3}{\376\377\000C\000o\000n\000t\000s\000t\000r\000a\000i\000n\000t\000s\000\040\000c\000o\000n\000\040\000O\000C\000L}{}% 30
\BOOKMARK [2][-]{subsection.3.1}{\376\377\000T\000i\000p\000i\000\040\000d\000e\000g\000l\000i\000\040\000o\000g\000g\000e\000t\000t\000i\000\040\000c\000u\000s\000t\000o\000m}{section.3}% 31
\BOOKMARK [3][-]{subsubsection.3.1.1}{\376\377\000E\000v\000e\000n\000t\000o}{subsection.3.1}% 32
\BOOKMARK [3][-]{subsubsection.3.1.2}{\376\377\000P\000e\000r\000c\000o\000r\000s\000o}{subsection.3.1}% 33
\BOOKMARK [3][-]{subsubsection.3.1.3}{\376\377\000S\000o\000t\000t\000o\000c\000a\000t\000e\000g\000o\000r\000i\000a}{subsection.3.1}% 34
\BOOKMARK [2][-]{subsection.3.2}{\376\377\000G\000e\000s\000t\000o\000r\000i}{section.3}% 35
\BOOKMARK [3][-]{subsubsection.3.2.1}{\376\377\000G\000e\000s\000t\000i\000o\000n\000e\000\040\000u\000t\000e\000n\000t\000e}{subsection.3.2}% 36
\BOOKMARK [3][-]{subsubsection.3.2.2}{\376\377\000G\000e\000s\000t\000i\000o\000n\000e\000\040\000a\000m\000m\000i\000n\000i\000s\000t\000r\000a\000z\000i\000o\000n\000e}{subsection.3.2}% 37
\BOOKMARK [3][-]{subsubsection.3.2.3}{\376\377\000G\000e\000s\000t\000i\000o\000n\000e\000\040\000d\000i\000\040\000s\000i\000s\000t\000e\000m\000a}{subsection.3.2}% 38
\BOOKMARK [3][-]{subsubsection.3.2.4}{\376\377\000G\000e\000s\000t\000i\000o\000n\000e\000\040\000n\000o\000t\000i\000f\000i\000c\000h\000e}{subsection.3.2}% 39
\BOOKMARK [3][-]{subsubsection.3.2.5}{\376\377\000G\000e\000s\000t\000i\000o\000n\000e\000\040\000p\000e\000r\000c\000o\000r\000s\000i}{subsection.3.2}% 40
\BOOKMARK [3][-]{subsubsection.3.2.6}{\376\377\000G\000e\000s\000t\000i\000o\000n\000e\000\040\000a\000u\000t\000e\000n\000t\000i\000c\000a\000z\000i\000o\000n\000e}{subsection.3.2}% 41
\BOOKMARK [3][-]{subsubsection.3.2.7}{\376\377\000G\000e\000s\000t\000i\000o\000n\000e\000\040\000d\000a\000t\000a\000b\000a\000s\000e}{subsection.3.2}% 42
\BOOKMARK [2][-]{subsection.3.3}{\376\377\000U\000t\000e\000n\000t\000i}{section.3}% 43
\BOOKMARK [3][-]{subsubsection.3.3.1}{\376\377\000U\000t\000e\000n\000t\000e\000\040\000n\000o\000n\000\040\000a\000u\000t\000e\000n\000t\000i\000c\000a\000t\000o}{subsection.3.3}% 44
\BOOKMARK [3][-]{subsubsection.3.3.2}{\376\377\000U\000t\000e\000n\000t\000e\000\040\000a\000u\000t\000e\000n\000t\000i\000c\000a\000t\000o}{subsection.3.3}% 45
\BOOKMARK [3][-]{subsubsection.3.3.3}{\376\377\000U\000t\000e\000n\000t\000e\000\040\000a\000m\000m\000i\000n\000i\000s\000t\000r\000a\000t\000o\000r\000e}{subsection.3.3}% 46
